# JRE version: Java(TM) SE Runtime Environment (8.0_20-b26) (build 1.8.0_20-b26)
# Java VM: Java HotSpot(TM) 64-Bit Server VM (25.20-b23 mixed mode windows-amd64 compressed oops)
Heap:
 PSYoungGen      total 78336K, used 23260K [0x00000000eab00000, 0x00000000f0180000, 0x0000000100000000)
  eden space 68096K, 26% used [0x00000000eab00000,0x00000000ebcb6c28,0x00000000eed80000)
  from space 10240K, 50% used [0x00000000eed80000,0x00000000ef280660,0x00000000ef780000)
  to   space 9216K, 0% used [0x00000000ef880000,0x00000000ef880000,0x00000000f0180000)
 ParOldGen       total 51712K, used 18758K [0x00000000c0000000, 0x00000000c3280000, 0x00000000eab00000)
  object space 51712K, 36% used [0x00000000c0000000,0x00000000c12519c8,0x00000000c3280000)
 Metaspace       used 41105K, capacity 41836K, committed 42240K, reserved 1085440K
  class space    used 5624K, capacity 5769K, committed 5888K, reserved 1048576K
GC Heap History (10 events):
Event: 8.502 GC heap before
{Heap before GC invocations=11 (full 1):
 PSYoungGen      total 58880K, used 50656K [0x00000000eab00000, 0x00000000f0280000, 0x0000000100000000)
  eden space 48640K, 100% used [0x00000000eab00000,0x00000000eda80000,0x00000000eda80000)
  from space 10240K, 19% used [0x00000000eda80000,0x00000000edc78000,0x00000000ee480000)
  to   space 10240K, 0% used [0x00000000ef880000,0x00000000ef880000,0x00000000f0280000)
 ParOldGen       total 51712K, used 10138K [0x00000000c0000000, 0x00000000c3280000, 0x00000000eab00000)
  object space 51712K, 19% used [0x00000000c0000000,0x00000000c09e6950,0x00000000c3280000)
 Metaspace       used 30677K, capacity 31258K, committed 31616K, reserved 1077248K
  class space    used 4254K, capacity 4400K, committed 4480K, reserved 1048576K
Event: 8.510 GC heap after
Heap after GC invocations=11 (full 1):
 PSYoungGen      total 77312K, used 4583K [0x00000000eab00000, 0x00000000f0180000, 0x0000000100000000)
  eden space 68096K, 0% used [0x00000000eab00000,0x00000000eab00000,0x00000000eed80000)
  from space 9216K, 49% used [0x00000000ef880000,0x00000000efcf9dc0,0x00000000f0180000)
  to   space 10240K, 0% used [0x00000000eed80000,0x00000000eed80000,0x00000000ef780000)
 ParOldGen       total 51712K, used 10951K [0x00000000c0000000, 0x00000000c3280000, 0x00000000eab00000)
  object space 51712K, 21% used [0x00000000c0000000,0x00000000c0ab1d60,0x00000000c3280000)
 Metaspace       used 30677K, capacity 31258K, committed 31616K, reserved 1077248K
  class space    used 4254K, capacity 4400K, committed 4480K, reserved 1048576K
}
Event: 9.372 GC heap before
{Heap before GC invocations=12 (full 1):
 PSYoungGen      total 77312K, used 72679K [0x00000000eab00000, 0x00000000f0180000, 0x0000000100000000)
  eden space 68096K, 100% used [0x00000000eab00000,0x00000000eed80000,0x00000000eed80000)
  from space 9216K, 49% used [0x00000000ef880000,0x00000000efcf9dc0,0x00000000f0180000)
  to   space 10240K, 0% used [0x00000000eed80000,0x00000000eed80000,0x00000000ef780000)
 ParOldGen       total 51712K, used 10951K [0x00000000c0000000, 0x00000000c3280000, 0x00000000eab00000)
  object space 51712K, 21% used [0x00000000c0000000,0x00000000c0ab1d60,0x00000000c3280000)
 Metaspace       used 33702K, capacity 34304K, committed 34560K, reserved 1079296K
  class space    used 4630K, capacity 4765K, committed 4864K, reserved 1048576K
Event: 9.383 GC heap after
Heap after GC invocations=12 (full 1):
 PSYoungGen      total 78336K, used 7372K [0x00000000eab00000, 0x00000000f0180000, 0x0000000100000000)
  eden space 68096K, 0% used [0x00000000eab00000,0x00000000eab00000,0x00000000eed80000)
  from space 10240K, 71% used [0x00000000eed80000,0x00000000ef4b31d0,0x00000000ef780000)
  to   space 9216K, 0% used [0x00000000ef880000,0x00000000ef880000,0x00000000f0180000)
 ParOldGen       total 51712K, used 12895K [0x00000000c0000000, 0x00000000c3280000, 0x00000000eab00000)
  object space 51712K, 24% used [0x00000000c0000000,0x00000000c0c97da0,0x00000000c3280000)
 Metaspace       used 33702K, capacity 34304K, committed 34560K, reserved 1079296K
  class space    used 4630K, capacity 4765K, committed 4864K, reserved 1048576K
}
Event: 9.724 GC heap before
{Heap before GC invocations=13 (full 1):
 PSYoungGen      total 78336K, used 24723K [0x00000000eab00000, 0x00000000f0180000, 0x0000000100000000)
  eden space 68096K, 25% used [0x00000000eab00000,0x00000000ebbf1d98,0x00000000eed80000)
  from space 10240K, 71% used [0x00000000eed80000,0x00000000ef4b31d0,0x00000000ef780000)
  to   space 9216K, 0% used [0x00000000ef880000,0x00000000ef880000,0x00000000f0180000)
 ParOldGen       total 51712K, used 12895K [0x00000000c0000000, 0x00000000c3280000, 0x00000000eab00000)
  object space 51712K, 24% used [0x00000000c0000000,0x00000000c0c97da0,0x00000000c3280000)
 Metaspace       used 34740K, capacity 35298K, committed 35456K, reserved 1079296K
  class space    used 4798K, capacity 4927K, committed 4992K, reserved 1048576K
Event: 9.742 GC heap after
Heap after GC invocations=13 (full 1):
 PSYoungGen      total 77312K, used 1739K [0x00000000eab00000, 0x00000000f0180000, 0x0000000100000000)
  eden space 68096K, 0% used [0x00000000eab00000,0x00000000eab00000,0x00000000eed80000)
  from space 9216K, 18% used [0x00000000ef880000,0x00000000efa32f08,0x00000000f0180000)
  to   space 10240K, 0% used [0x00000000eed80000,0x00000000eed80000,0x00000000ef780000)
 ParOldGen       total 51712K, used 18424K [0x00000000c0000000, 0x00000000c3280000, 0x00000000eab00000)
  object space 51712K, 35% used [0x00000000c0000000,0x00000000c11fe078,0x00000000c3280000)
 Metaspace       used 34740K, capacity 35298K, committed 35456K, reserved 1079296K
  class space    used 4798K, capacity 4927K, committed 4992K, reserved 1048576K
}
Event: 9.742 GC heap before
{Heap before GC invocations=14 (full 2):
 PSYoungGen      total 77312K, used 1739K [0x00000000eab00000, 0x00000000f0180000, 0x0000000100000000)
  eden space 68096K, 0% used [0x00000000eab00000,0x00000000eab00000,0x00000000eed80000)
  from space 9216K, 18% used [0x00000000ef880000,0x00000000efa32f08,0x00000000f0180000)
  to   space 10240K, 0% used [0x00000000eed80000,0x00000000eed80000,0x00000000ef780000)
 ParOldGen       total 51712K, used 18424K [0x00000000c0000000, 0x00000000c3280000, 0x00000000eab00000)
  object space 51712K, 35% used [0x00000000c0000000,0x00000000c11fe078,0x00000000c3280000)
 Metaspace       used 34740K, capacity 35298K, committed 35456K, reserved 1079296K
  class space    used 4798K, capacity 4927K, committed 4992K, reserved 1048576K
Event: 9.982 GC heap after
Heap after GC invocations=14 (full 2):
 PSYoungGen      total 77312K, used 0K [0x00000000eab00000, 0x00000000f0180000, 0x0000000100000000)
  eden space 68096K, 0% used [0x00000000eab00000,0x00000000eab00000,0x00000000eed80000)
  from space 9216K, 0% used [0x00000000ef880000,0x00000000ef880000,0x00000000f0180000)
  to   space 10240K, 0% used [0x00000000eed80000,0x00000000eed80000,0x00000000ef780000)
 ParOldGen       total 51712K, used 18686K [0x00000000c0000000, 0x00000000c3280000, 0x00000000eab00000)
  object space 51712K, 36% used [0x00000000c0000000,0x00000000c123f9b8,0x00000000c3280000)
 Metaspace       used 34740K, capacity 35298K, committed 35456K, reserved 1079296K
  class space    used 4798K, capacity 4927K, committed 4992K, reserved 1048576K
}
Event: 11.743 GC heap before
{Heap before GC invocations=15 (full 2):
 PSYoungGen      total 77312K, used 68096K [0x00000000eab00000, 0x00000000f0180000, 0x0000000100000000)
  eden space 68096K, 100% used [0x00000000eab00000,0x00000000eed80000,0x00000000eed80000)
  from space 9216K, 0% used [0x00000000ef880000,0x00000000ef880000,0x00000000f0180000)
  to   space 10240K, 0% used [0x00000000eed80000,0x00000000eed80000,0x00000000ef780000)
 ParOldGen       total 51712K, used 18686K [0x00000000c0000000, 0x00000000c3280000, 0x00000000eab00000)
  object space 51712K, 36% used [0x00000000c0000000,0x00000000c123f9b8,0x00000000c3280000)
 Metaspace       used 39534K, capacity 40156K, committed 40448K, reserved 1083392K
  class space    used 5407K, capacity 5534K, committed 5632K, reserved 1048576K
Event: 11.749 GC heap after
Heap after GC invocations=15 (full 2):
 PSYoungGen      total 78336K, used 5121K [0x00000000eab00000, 0x00000000f0180000, 0x0000000100000000)
  eden space 68096K, 0% used [0x00000000eab00000,0x00000000eab00000,0x00000000eed80000)
  from space 10240K, 50% used [0x00000000eed80000,0x00000000ef280660,0x00000000ef780000)
  to   space 9216K, 0% used [0x00000000ef880000,0x00000000ef880000,0x00000000f0180000)
 ParOldGen       total 51712K, used 18758K [0x00000000c0000000, 0x00000000c3280000, 0x00000000eab00000)
  object space 51712K, 36% used [0x00000000c0000000,0x00000000c12519c8,0x00000000c3280000)
 Metaspace       used 39534K, capacity 40156K, committed 40448K, reserved 1083392K
  class space    used 5407K, capacity 5534K, committed 5632K, reserved 1048576K
}

