# JRE version: Java(TM) SE Runtime Environment (8.0_20-b26) (build 1.8.0_20-b26)
# Java VM: Java HotSpot(TM) 64-Bit Server VM (25.20-b23 mixed mode windows-amd64 compressed oops)
Heap:
 PSYoungGen      total 75264K, used 26658K [0x00000000eab00000, 0x00000000eff80000, 0x0000000100000000)
  eden space 67072K, 32% used [0x00000000eab00000,0x00000000ec046c08,0x00000000eec80000)
  from space 8192K, 59% used [0x00000000ef780000,0x00000000efc41ed0,0x00000000eff80000)
  to   space 9728K, 0% used [0x00000000eec80000,0x00000000eec80000,0x00000000ef600000)
 ParOldGen       total 67584K, used 9125K [0x00000000c0000000, 0x00000000c4200000, 0x00000000eab00000)
  object space 67584K, 13% used [0x00000000c0000000,0x00000000c08e9468,0x00000000c4200000)
 Metaspace       used 30339K, capacity 30888K, committed 31232K, reserved 1077248K
  class space    used 4224K, capacity 4335K, committed 4352K, reserved 1048576K
GC Heap History (10 events):
Event: 3.581 GC heap before
{Heap before GC invocations=5 (full 1):
 PSYoungGen      total 38400K, used 5104K [0x00000000eab00000, 0x00000000ed580000, 0x0000000100000000)
  eden space 33280K, 0% used [0x00000000eab00000,0x00000000eab00000,0x00000000ecb80000)
  from space 5120K, 99% used [0x00000000ed080000,0x00000000ed57c030,0x00000000ed580000)
  to   space 5120K, 0% used [0x00000000ecb80000,0x00000000ecb80000,0x00000000ed080000)
 ParOldGen       total 87552K, used 7926K [0x00000000c0000000, 0x00000000c5580000, 0x00000000eab00000)
  object space 87552K, 9% used [0x00000000c0000000,0x00000000c07bda60,0x00000000c5580000)
 Metaspace       used 20772K, capacity 21154K, committed 21296K, reserved 1067008K
  class space    used 2808K, capacity 2914K, committed 2944K, reserved 1048576K
Event: 3.631 GC heap after
Heap after GC invocations=5 (full 1):
 PSYoungGen      total 38400K, used 0K [0x00000000eab00000, 0x00000000ed580000, 0x0000000100000000)
  eden space 33280K, 0% used [0x00000000eab00000,0x00000000eab00000,0x00000000ecb80000)
  from space 5120K, 0% used [0x00000000ed080000,0x00000000ed080000,0x00000000ed580000)
  to   space 5120K, 0% used [0x00000000ecb80000,0x00000000ecb80000,0x00000000ed080000)
 ParOldGen       total 67584K, used 9117K [0x00000000c0000000, 0x00000000c4200000, 0x00000000eab00000)
  object space 67584K, 13% used [0x00000000c0000000,0x00000000c08e7468,0x00000000c4200000)
 Metaspace       used 20771K, capacity 21152K, committed 21296K, reserved 1067008K
  class space    used 2807K, capacity 2913K, committed 2944K, reserved 1048576K
}
Event: 4.405 GC heap before
{Heap before GC invocations=6 (full 1):
 PSYoungGen      total 38400K, used 33280K [0x00000000eab00000, 0x00000000ed580000, 0x0000000100000000)
  eden space 33280K, 100% used [0x00000000eab00000,0x00000000ecb80000,0x00000000ecb80000)
  from space 5120K, 0% used [0x00000000ed080000,0x00000000ed080000,0x00000000ed580000)
  to   space 5120K, 0% used [0x00000000ecb80000,0x00000000ecb80000,0x00000000ed080000)
 ParOldGen       total 67584K, used 9117K [0x00000000c0000000, 0x00000000c4200000, 0x00000000eab00000)
  object space 67584K, 13% used [0x00000000c0000000,0x00000000c08e7468,0x00000000c4200000)
 Metaspace       used 23138K, capacity 23516K, committed 23808K, reserved 1069056K
  class space    used 3195K, capacity 3288K, committed 3328K, reserved 1048576K
Event: 4.412 GC heap after
Heap after GC invocations=6 (full 1):
 PSYoungGen      total 38400K, used 3989K [0x00000000eab00000, 0x00000000eef00000, 0x0000000100000000)
  eden space 33280K, 0% used [0x00000000eab00000,0x00000000eab00000,0x00000000ecb80000)
  from space 5120K, 77% used [0x00000000ecb80000,0x00000000ecf65768,0x00000000ed080000)
  to   space 11264K, 0% used [0x00000000ee400000,0x00000000ee400000,0x00000000eef00000)
 ParOldGen       total 67584K, used 9117K [0x00000000c0000000, 0x00000000c4200000, 0x00000000eab00000)
  object space 67584K, 13% used [0x00000000c0000000,0x00000000c08e7468,0x00000000c4200000)
 Metaspace       used 23138K, capacity 23516K, committed 23808K, reserved 1069056K
  class space    used 3195K, capacity 3288K, committed 3328K, reserved 1048576K
}
Event: 5.009 GC heap before
{Heap before GC invocations=7 (full 1):
 PSYoungGen      total 38400K, used 37269K [0x00000000eab00000, 0x00000000eef00000, 0x0000000100000000)
  eden space 33280K, 100% used [0x00000000eab00000,0x00000000ecb80000,0x00000000ecb80000)
  from space 5120K, 77% used [0x00000000ecb80000,0x00000000ecf65768,0x00000000ed080000)
  to   space 11264K, 0% used [0x00000000ee400000,0x00000000ee400000,0x00000000eef00000)
 ParOldGen       total 67584K, used 9117K [0x00000000c0000000, 0x00000000c4200000, 0x00000000eab00000)
  object space 67584K, 13% used [0x00000000c0000000,0x00000000c08e7468,0x00000000c4200000)
 Metaspace       used 25543K, capacity 25986K, committed 26240K, reserved 1071104K
  class space    used 3593K, capacity 3705K, committed 3712K, reserved 1048576K
Event: 5.015 GC heap after
Heap after GC invocations=7 (full 1):
 PSYoungGen      total 57344K, used 4935K [0x00000000eab00000, 0x00000000eee00000, 0x0000000100000000)
  eden space 47104K, 0% used [0x00000000eab00000,0x00000000eab00000,0x00000000ed900000)
  from space 10240K, 48% used [0x00000000ee400000,0x00000000ee8d1d60,0x00000000eee00000)
  to   space 10752K, 0% used [0x00000000ed900000,0x00000000ed900000,0x00000000ee380000)
 ParOldGen       total 67584K, used 9117K [0x00000000c0000000, 0x00000000c4200000, 0x00000000eab00000)
  object space 67584K, 13% used [0x00000000c0000000,0x00000000c08e7468,0x00000000c4200000)
 Metaspace       used 25543K, capacity 25986K, committed 26240K, reserved 1071104K
  class space    used 3593K, capacity 3705K, committed 3712K, reserved 1048576K
}
Event: 5.718 GC heap before
{Heap before GC invocations=8 (full 1):
 PSYoungGen      total 57344K, used 52039K [0x00000000eab00000, 0x00000000eee00000, 0x0000000100000000)
  eden space 47104K, 100% used [0x00000000eab00000,0x00000000ed900000,0x00000000ed900000)
  from space 10240K, 48% used [0x00000000ee400000,0x00000000ee8d1d60,0x00000000eee00000)
  to   space 10752K, 0% used [0x00000000ed900000,0x00000000ed900000,0x00000000ee380000)
 ParOldGen       total 67584K, used 9117K [0x00000000c0000000, 0x00000000c4200000, 0x00000000eab00000)
  object space 67584K, 13% used [0x00000000c0000000,0x00000000c08e7468,0x00000000c4200000)
 Metaspace       used 27562K, capacity 27994K, committed 28288K, reserved 1073152K
  class space    used 3852K, capacity 3965K, committed 3968K, reserved 1048576K
Event: 5.730 GC heap after
Heap after GC invocations=8 (full 1):
 PSYoungGen      total 57856K, used 5324K [0x00000000eab00000, 0x00000000f0180000, 0x0000000100000000)
  eden space 47104K, 0% used [0x00000000eab00000,0x00000000eab00000,0x00000000ed900000)
  from space 10752K, 49% used [0x00000000ed900000,0x00000000ede33350,0x00000000ee380000)
  to   space 10240K, 0% used [0x00000000ef780000,0x00000000ef780000,0x00000000f0180000)
 ParOldGen       total 67584K, used 9117K [0x00000000c0000000, 0x00000000c4200000, 0x00000000eab00000)
  object space 67584K, 13% used [0x00000000c0000000,0x00000000c08e7468,0x00000000c4200000)
 Metaspace       used 27562K, capacity 27994K, committed 28288K, reserved 1073152K
  class space    used 3852K, capacity 3965K, committed 3968K, reserved 1048576K
}
Event: 6.835 GC heap before
{Heap before GC invocations=9 (full 1):
 PSYoungGen      total 57856K, used 52428K [0x00000000eab00000, 0x00000000f0180000, 0x0000000100000000)
  eden space 47104K, 100% used [0x00000000eab00000,0x00000000ed900000,0x00000000ed900000)
  from space 10752K, 49% used [0x00000000ed900000,0x00000000ede33350,0x00000000ee380000)
  to   space 10240K, 0% used [0x00000000ef780000,0x00000000ef780000,0x00000000f0180000)
 ParOldGen       total 67584K, used 9117K [0x00000000c0000000, 0x00000000c4200000, 0x00000000eab00000)
  object space 67584K, 13% used [0x00000000c0000000,0x00000000c08e7468,0x00000000c4200000)
 Metaspace       used 28318K, capacity 28784K, committed 29184K, reserved 1075200K
  class space    used 3938K, capacity 4035K, committed 4096K, reserved 1048576K
Event: 6.843 GC heap after
Heap after GC invocations=9 (full 1):
 PSYoungGen      total 75264K, used 4871K [0x00000000eab00000, 0x00000000eff80000, 0x0000000100000000)
  eden space 67072K, 0% used [0x00000000eab00000,0x00000000eab00000,0x00000000eec80000)
  from space 8192K, 59% used [0x00000000ef780000,0x00000000efc41ed0,0x00000000eff80000)
  to   space 9728K, 0% used [0x00000000eec80000,0x00000000eec80000,0x00000000ef600000)
 ParOldGen       total 67584K, used 9125K [0x00000000c0000000, 0x00000000c4200000, 0x00000000eab00000)
  object space 67584K, 13% used [0x00000000c0000000,0x00000000c08e9468,0x00000000c4200000)
 Metaspace       used 28318K, capacity 28784K, committed 29184K, reserved 1075200K
  class space    used 3938K, capacity 4035K, committed 4096K, reserved 1048576K
}

