# JRE version: Java(TM) SE Runtime Environment (8.0_20-b26) (build 1.8.0_20-b26)
# Java VM: Java HotSpot(TM) 64-Bit Server VM (25.20-b23 mixed mode windows-amd64 compressed oops)
Heap:
 PSYoungGen      total 275456K, used 72653K [0x00000000eab00000, 0x0000000100000000, 0x0000000100000000)
  eden space 201728K, 36% used [0x00000000eab00000,0x00000000ef1f3650,0x00000000f7000000)
  from space 73728K, 0% used [0x00000000f7000000,0x00000000f7000000,0x00000000fb800000)
  to   space 71168K, 0% used [0x00000000fba80000,0x00000000fba80000,0x0000000100000000)
 ParOldGen       total 168448K, used 168445K [0x00000000c0000000, 0x00000000ca480000, 0x00000000eab00000)
  object space 168448K, 99% used [0x00000000c0000000,0x00000000ca47f570,0x00000000ca480000)
 Metaspace       used 6550K, capacity 7320K, committed 7680K, reserved 1056768K
  class space    used 615K, capacity 656K, committed 768K, reserved 1048576K
GC Heap History (10 events):
Event: 5.069 GC heap before
{Heap before GC invocations=9 (full 0):
 PSYoungGen      total 283136K, used 283112K [0x00000000eab00000, 0x00000000ffa00000, 0x0000000100000000)
  eden space 252416K, 100% used [0x00000000eab00000,0x00000000fa180000,0x00000000fa180000)
  from space 30720K, 99% used [0x00000000fc900000,0x00000000fe6fa0d0,0x00000000fe700000)
  to   space 40448K, 0% used [0x00000000fa180000,0x00000000fa180000,0x00000000fc900000)
 ParOldGen       total 87552K, used 41371K [0x00000000c0000000, 0x00000000c5580000, 0x00000000eab00000)
  object space 87552K, 47% used [0x00000000c0000000,0x00000000c2866cb8,0x00000000c5580000)
 Metaspace       used 6517K, capacity 7320K, committed 7680K, reserved 1056768K
  class space    used 615K, capacity 656K, committed 768K, reserved 1048576K
Event: 5.193 GC heap after
Heap after GC invocations=9 (full 0):
 PSYoungGen      total 292864K, used 40422K [0x00000000eab00000, 0x0000000100000000, 0x0000000100000000)
  eden space 252416K, 0% used [0x00000000eab00000,0x00000000eab00000,0x00000000fa180000)
  from space 40448K, 99% used [0x00000000fa180000,0x00000000fc8f9820,0x00000000fc900000)
  to   space 56320K, 0% used [0x00000000fc900000,0x00000000fc900000,0x0000000100000000)
 ParOldGen       total 87552K, used 62888K [0x00000000c0000000, 0x00000000c5580000, 0x00000000eab00000)
  object space 87552K, 71% used [0x00000000c0000000,0x00000000c3d6a2e0,0x00000000c5580000)
 Metaspace       used 6517K, capacity 7320K, committed 7680K, reserved 1056768K
  class space    used 615K, capacity 656K, committed 768K, reserved 1048576K
}
Event: 6.514 GC heap before
{Heap before GC invocations=10 (full 0):
 PSYoungGen      total 292864K, used 292838K [0x00000000eab00000, 0x0000000100000000, 0x0000000100000000)
  eden space 252416K, 100% used [0x00000000eab00000,0x00000000fa180000,0x00000000fa180000)
  from space 40448K, 99% used [0x00000000fa180000,0x00000000fc8f9820,0x00000000fc900000)
  to   space 56320K, 0% used [0x00000000fc900000,0x00000000fc900000,0x0000000100000000)
 ParOldGen       total 87552K, used 62888K [0x00000000c0000000, 0x00000000c5580000, 0x00000000eab00000)
  object space 87552K, 71% used [0x00000000c0000000,0x00000000c3d6a2e0,0x00000000c5580000)
 Metaspace       used 6533K, capacity 7320K, committed 7680K, reserved 1056768K
  class space    used 615K, capacity 656K, committed 768K, reserved 1048576K
Event: 6.647 GC heap after
Heap after GC invocations=10 (full 0):
 PSYoungGen      total 258048K, used 56311K [0x00000000eab00000, 0x0000000100000000, 0x0000000100000000)
  eden space 201728K, 0% used [0x00000000eab00000,0x00000000eab00000,0x00000000f7000000)
  from space 56320K, 99% used [0x00000000fc900000,0x00000000ffffdeb8,0x0000000100000000)
  to   space 73728K, 0% used [0x00000000f7000000,0x00000000f7000000,0x00000000fb800000)
 ParOldGen       total 87552K, used 84804K [0x00000000c0000000, 0x00000000c5580000, 0x00000000eab00000)
  object space 87552K, 96% used [0x00000000c0000000,0x00000000c52d1368,0x00000000c5580000)
 Metaspace       used 6533K, capacity 7320K, committed 7680K, reserved 1056768K
  class space    used 615K, capacity 656K, committed 768K, reserved 1048576K
}
Event: 6.647 GC heap before
{Heap before GC invocations=11 (full 1):
 PSYoungGen      total 258048K, used 56311K [0x00000000eab00000, 0x0000000100000000, 0x0000000100000000)
  eden space 201728K, 0% used [0x00000000eab00000,0x00000000eab00000,0x00000000f7000000)
  from space 56320K, 99% used [0x00000000fc900000,0x00000000ffffdeb8,0x0000000100000000)
  to   space 73728K, 0% used [0x00000000f7000000,0x00000000f7000000,0x00000000fb800000)
 ParOldGen       total 87552K, used 84804K [0x00000000c0000000, 0x00000000c5580000, 0x00000000eab00000)
  object space 87552K, 96% used [0x00000000c0000000,0x00000000c52d1368,0x00000000c5580000)
 Metaspace       used 6533K, capacity 7320K, committed 7680K, reserved 1056768K
  class space    used 615K, capacity 656K, committed 768K, reserved 1048576K
Event: 8.096 GC heap after
Heap after GC invocations=11 (full 1):
 PSYoungGen      total 258048K, used 47464K [0x00000000eab00000, 0x0000000100000000, 0x0000000100000000)
  eden space 201728K, 0% used [0x00000000eab00000,0x00000000eab00000,0x00000000f7000000)
  from space 56320K, 84% used [0x00000000fc900000,0x00000000ff75a028,0x0000000100000000)
  to   space 73728K, 0% used [0x00000000f7000000,0x00000000f7000000,0x00000000fb800000)
 ParOldGen       total 168448K, used 87387K [0x00000000c0000000, 0x00000000ca480000, 0x00000000eab00000)
  object space 168448K, 51% used [0x00000000c0000000,0x00000000c5556eb8,0x00000000ca480000)
 Metaspace       used 6533K, capacity 7320K, committed 7680K, reserved 1056768K
  class space    used 615K, capacity 656K, committed 768K, reserved 1048576K
}
Event: 9.098 GC heap before
{Heap before GC invocations=12 (full 1):
 PSYoungGen      total 258048K, used 249192K [0x00000000eab00000, 0x0000000100000000, 0x0000000100000000)
  eden space 201728K, 100% used [0x00000000eab00000,0x00000000f7000000,0x00000000f7000000)
  from space 56320K, 84% used [0x00000000fc900000,0x00000000ff75a028,0x0000000100000000)
  to   space 73728K, 0% used [0x00000000f7000000,0x00000000f7000000,0x00000000fb800000)
 ParOldGen       total 168448K, used 87387K [0x00000000c0000000, 0x00000000ca480000, 0x00000000eab00000)
  object space 168448K, 51% used [0x00000000c0000000,0x00000000c5556eb8,0x00000000ca480000)
 Metaspace       used 6548K, capacity 7320K, committed 7680K, reserved 1056768K
  class space    used 615K, capacity 656K, committed 768K, reserved 1048576K
Event: 9.252 GC heap after
Heap after GC invocations=12 (full 1):
 PSYoungGen      total 275456K, used 32322K [0x00000000eab00000, 0x0000000100000000, 0x0000000100000000)
  eden space 201728K, 0% used [0x00000000eab00000,0x00000000eab00000,0x00000000f7000000)
  from space 73728K, 43% used [0x00000000f7000000,0x00000000f8f90b50,0x00000000fb800000)
  to   space 71168K, 0% used [0x00000000fba80000,0x00000000fba80000,0x0000000100000000)
 ParOldGen       total 168448K, used 134720K [0x00000000c0000000, 0x00000000ca480000, 0x00000000eab00000)
  object space 168448K, 79% used [0x00000000c0000000,0x00000000c8390120,0x00000000ca480000)
 Metaspace       used 6548K, capacity 7320K, committed 7680K, reserved 1056768K
  class space    used 615K, capacity 656K, committed 768K, reserved 1048576K
}
Event: 9.252 GC heap before
{Heap before GC invocations=13 (full 2):
 PSYoungGen      total 275456K, used 32322K [0x00000000eab00000, 0x0000000100000000, 0x0000000100000000)
  eden space 201728K, 0% used [0x00000000eab00000,0x00000000eab00000,0x00000000f7000000)
  from space 73728K, 43% used [0x00000000f7000000,0x00000000f8f90b50,0x00000000fb800000)
  to   space 71168K, 0% used [0x00000000fba80000,0x00000000fba80000,0x0000000100000000)
 ParOldGen       total 168448K, used 134720K [0x00000000c0000000, 0x00000000ca480000, 0x00000000eab00000)
  object space 168448K, 79% used [0x00000000c0000000,0x00000000c8390120,0x00000000ca480000)
 Metaspace       used 6548K, capacity 7320K, committed 7680K, reserved 1056768K
  class space    used 615K, capacity 656K, committed 768K, reserved 1048576K
Event: 10.643 GC heap after
Heap after GC invocations=13 (full 2):
 PSYoungGen      total 275456K, used 0K [0x00000000eab00000, 0x0000000100000000, 0x0000000100000000)
  eden space 201728K, 0% used [0x00000000eab00000,0x00000000eab00000,0x00000000f7000000)
  from space 73728K, 0% used [0x00000000f7000000,0x00000000f7000000,0x00000000fb800000)
  to   space 71168K, 0% used [0x00000000fba80000,0x00000000fba80000,0x0000000100000000)
 ParOldGen       total 168448K, used 164069K [0x00000000c0000000, 0x00000000ca480000, 0x00000000eab00000)
  object space 168448K, 97% used [0x00000000c0000000,0x00000000ca039520,0x00000000ca480000)
 Metaspace       used 6548K, capacity 7320K, committed 7680K, reserved 1056768K
  class space    used 615K, capacity 656K, committed 768K, reserved 1048576K
}

