# JRE version: Java(TM) SE Runtime Environment (8.0_20-b26) (build 1.8.0_20-b26)
# Java VM: Java HotSpot(TM) 64-Bit Server VM (25.20-b23 mixed mode windows-amd64 compressed oops)
Heap:
 PSYoungGen      total 216064K, used 85354K [0x00000000eab00000, 0x0000000100000000, 0x0000000100000000)
  eden space 157696K, 54% used [0x00000000eab00000,0x00000000efe5a9e8,0x00000000f4500000)
  from space 58368K, 0% used [0x00000000fc700000,0x00000000fc700000,0x0000000100000000)
  to   space 95744K, 0% used [0x00000000f4500000,0x00000000f4500000,0x00000000fa280000)
 ParOldGen       total 171520K, used 171456K [0x00000000c0000000, 0x00000000ca780000, 0x00000000eab00000)
  object space 171520K, 99% used [0x00000000c0000000,0x00000000ca7702a0,0x00000000ca780000)
 Metaspace       used 6560K, capacity 7320K, committed 7680K, reserved 1056768K
  class space    used 615K, capacity 656K, committed 768K, reserved 1048576K
GC Heap History (10 events):
Event: 7.490 GC heap before
{Heap before GC invocations=9 (full 1):
 PSYoungGen      total 295424K, used 265666K [0x00000000eab00000, 0x0000000100000000, 0x0000000100000000)
  eden space 261632K, 100% used [0x00000000eab00000,0x00000000faa80000,0x00000000faa80000)
  from space 33792K, 11% used [0x00000000faa80000,0x00000000fae70940,0x00000000fcb80000)
  to   space 52224K, 0% used [0x00000000fcd00000,0x00000000fcd00000,0x0000000100000000)
 ParOldGen       total 171520K, used 87180K [0x00000000c0000000, 0x00000000ca780000, 0x00000000eab00000)
  object space 171520K, 50% used [0x00000000c0000000,0x00000000c5523320,0x00000000ca780000)
 Metaspace       used 6538K, capacity 7320K, committed 7680K, reserved 1056768K
  class space    used 615K, capacity 656K, committed 768K, reserved 1048576K
Event: 7.585 GC heap after
Heap after GC invocations=9 (full 1):
 PSYoungGen      total 284672K, used 43324K [0x00000000eab00000, 0x0000000100000000, 0x0000000100000000)
  eden space 232448K, 0% used [0x00000000eab00000,0x00000000eab00000,0x00000000f8e00000)
  from space 52224K, 82% used [0x00000000fcd00000,0x00000000ff74f1e0,0x0000000100000000)
  to   space 58368K, 0% used [0x00000000f8e00000,0x00000000f8e00000,0x00000000fc700000)
 ParOldGen       total 171520K, used 87180K [0x00000000c0000000, 0x00000000ca780000, 0x00000000eab00000)
  object space 171520K, 50% used [0x00000000c0000000,0x00000000c5523320,0x00000000ca780000)
 Metaspace       used 6538K, capacity 7320K, committed 7680K, reserved 1056768K
  class space    used 615K, capacity 656K, committed 768K, reserved 1048576K
}
Event: 8.689 GC heap before
{Heap before GC invocations=10 (full 1):
 PSYoungGen      total 284672K, used 275772K [0x00000000eab00000, 0x0000000100000000, 0x0000000100000000)
  eden space 232448K, 100% used [0x00000000eab00000,0x00000000f8e00000,0x00000000f8e00000)
  from space 52224K, 82% used [0x00000000fcd00000,0x00000000ff74f1e0,0x0000000100000000)
  to   space 58368K, 0% used [0x00000000f8e00000,0x00000000f8e00000,0x00000000fc700000)
 ParOldGen       total 171520K, used 87180K [0x00000000c0000000, 0x00000000ca780000, 0x00000000eab00000)
  object space 171520K, 50% used [0x00000000c0000000,0x00000000c5523320,0x00000000ca780000)
 Metaspace       used 6547K, capacity 7320K, committed 7680K, reserved 1056768K
  class space    used 615K, capacity 656K, committed 768K, reserved 1048576K
Event: 8.797 GC heap after
Heap after GC invocations=10 (full 1):
 PSYoungGen      total 290816K, used 58360K [0x00000000eab00000, 0x0000000100000000, 0x0000000100000000)
  eden space 232448K, 0% used [0x00000000eab00000,0x00000000eab00000,0x00000000f8e00000)
  from space 58368K, 99% used [0x00000000f8e00000,0x00000000fc6fe270,0x00000000fc700000)
  to   space 58368K, 0% used [0x00000000fc700000,0x00000000fc700000,0x0000000100000000)
 ParOldGen       total 171520K, used 107614K [0x00000000c0000000, 0x00000000ca780000, 0x00000000eab00000)
  object space 171520K, 62% used [0x00000000c0000000,0x00000000c6917bc0,0x00000000ca780000)
 Metaspace       used 6547K, capacity 7320K, committed 7680K, reserved 1056768K
  class space    used 615K, capacity 656K, committed 768K, reserved 1048576K
}
Event: 9.812 GC heap before
{Heap before GC invocations=11 (full 1):
 PSYoungGen      total 290816K, used 290808K [0x00000000eab00000, 0x0000000100000000, 0x0000000100000000)
  eden space 232448K, 100% used [0x00000000eab00000,0x00000000f8e00000,0x00000000f8e00000)
  from space 58368K, 99% used [0x00000000f8e00000,0x00000000fc6fe270,0x00000000fc700000)
  to   space 58368K, 0% used [0x00000000fc700000,0x00000000fc700000,0x0000000100000000)
 ParOldGen       total 171520K, used 107614K [0x00000000c0000000, 0x00000000ca780000, 0x00000000eab00000)
  object space 171520K, 62% used [0x00000000c0000000,0x00000000c6917bc0,0x00000000ca780000)
 Metaspace       used 6560K, capacity 7320K, committed 7680K, reserved 1056768K
  class space    used 615K, capacity 656K, committed 768K, reserved 1048576K
Event: 9.970 GC heap after
Heap after GC invocations=11 (full 1):
 PSYoungGen      total 216064K, used 58337K [0x00000000eab00000, 0x0000000100000000, 0x0000000100000000)
  eden space 157696K, 0% used [0x00000000eab00000,0x00000000eab00000,0x00000000f4500000)
  from space 58368K, 99% used [0x00000000fc700000,0x00000000ffff84b8,0x0000000100000000)
  to   space 95744K, 0% used [0x00000000f4500000,0x00000000f4500000,0x00000000fa280000)
 ParOldGen       total 171520K, used 141641K [0x00000000c0000000, 0x00000000ca780000, 0x00000000eab00000)
  object space 171520K, 82% used [0x00000000c0000000,0x00000000c8a524d8,0x00000000ca780000)
 Metaspace       used 6560K, capacity 7320K, committed 7680K, reserved 1056768K
  class space    used 615K, capacity 656K, committed 768K, reserved 1048576K
}
Event: 9.970 GC heap before
{Heap before GC invocations=12 (full 2):
 PSYoungGen      total 216064K, used 58337K [0x00000000eab00000, 0x0000000100000000, 0x0000000100000000)
  eden space 157696K, 0% used [0x00000000eab00000,0x00000000eab00000,0x00000000f4500000)
  from space 58368K, 99% used [0x00000000fc700000,0x00000000ffff84b8,0x0000000100000000)
  to   space 95744K, 0% used [0x00000000f4500000,0x00000000f4500000,0x00000000fa280000)
 ParOldGen       total 171520K, used 141641K [0x00000000c0000000, 0x00000000ca780000, 0x00000000eab00000)
  object space 171520K, 82% used [0x00000000c0000000,0x00000000c8a524d8,0x00000000ca780000)
 Metaspace       used 6560K, capacity 7320K, committed 7680K, reserved 1056768K
  class space    used 615K, capacity 656K, committed 768K, reserved 1048576K
Event: 11.148 GC heap after
Heap after GC invocations=12 (full 2):
 PSYoungGen      total 216064K, used 23445K [0x00000000eab00000, 0x0000000100000000, 0x0000000100000000)
  eden space 157696K, 0% used [0x00000000eab00000,0x00000000eab00000,0x00000000f4500000)
  from space 58368K, 40% used [0x00000000fc700000,0x00000000fdde5580,0x0000000100000000)
  to   space 95744K, 0% used [0x00000000f4500000,0x00000000f4500000,0x00000000fa280000)
 ParOldGen       total 171520K, used 171069K [0x00000000c0000000, 0x00000000ca780000, 0x00000000eab00000)
  object space 171520K, 99% used [0x00000000c0000000,0x00000000ca70f550,0x00000000ca780000)
 Metaspace       used 6560K, capacity 7320K, committed 7680K, reserved 1056768K
  class space    used 615K, capacity 656K, committed 768K, reserved 1048576K
}
Event: 11.888 GC heap before
{Heap before GC invocations=13 (full 3):
 PSYoungGen      total 216064K, used 181141K [0x00000000eab00000, 0x0000000100000000, 0x0000000100000000)
  eden space 157696K, 100% used [0x00000000eab00000,0x00000000f4500000,0x00000000f4500000)
  from space 58368K, 40% used [0x00000000fc700000,0x00000000fdde5580,0x0000000100000000)
  to   space 95744K, 0% used [0x00000000f4500000,0x00000000f4500000,0x00000000fa280000)
 ParOldGen       total 171520K, used 171069K [0x00000000c0000000, 0x00000000ca780000, 0x00000000eab00000)
  object space 171520K, 99% used [0x00000000c0000000,0x00000000ca70f550,0x00000000ca780000)
 Metaspace       used 6560K, capacity 7320K, committed 7680K, reserved 1056768K
  class space    used 615K, capacity 656K, committed 768K, reserved 1048576K
Event: 12.907 GC heap after
Heap after GC invocations=13 (full 3):
 PSYoungGen      total 216064K, used 46169K [0x00000000eab00000, 0x0000000100000000, 0x0000000100000000)
  eden space 157696K, 29% used [0x00000000eab00000,0x00000000ed8165c0,0x00000000f4500000)
  from space 58368K, 0% used [0x00000000fc700000,0x00000000fc700000,0x0000000100000000)
  to   space 95744K, 0% used [0x00000000f4500000,0x00000000f4500000,0x00000000fa280000)
 ParOldGen       total 171520K, used 171456K [0x00000000c0000000, 0x00000000ca780000, 0x00000000eab00000)
  object space 171520K, 99% used [0x00000000c0000000,0x00000000ca7702a0,0x00000000ca780000)
 Metaspace       used 6560K, capacity 7320K, committed 7680K, reserved 1056768K
  class space    used 615K, capacity 656K, committed 768K, reserved 1048576K
}

