# JRE version: Java(TM) SE Runtime Environment (8.0_20-b26) (build 1.8.0_20-b26)
# Java VM: Java HotSpot(TM) 64-Bit Server VM (25.20-b23 mixed mode windows-amd64 compressed oops)
Heap:
 PSYoungGen      total 243712K, used 168448K [0x00000000eab00000, 0x0000000100000000, 0x0000000100000000)
  eden space 164864K, 54% used [0x00000000eab00000,0x00000000f02e8be8,0x00000000f4c00000)
  from space 78848K, 99% used [0x00000000f4c00000,0x00000000f98974d8,0x00000000f9900000)
  to   space 102400K, 0% used [0x00000000f9c00000,0x00000000f9c00000,0x0000000100000000)
 ParOldGen       total 297472K, used 197125K [0x00000000c0000000, 0x00000000d2280000, 0x00000000eab00000)
  object space 297472K, 66% used [0x00000000c0000000,0x00000000cc0815a8,0x00000000d2280000)
 Metaspace       used 7379K, capacity 7832K, committed 7936K, reserved 1056768K
  class space    used 669K, capacity 720K, committed 768K, reserved 1048576K
GC Heap History (10 events):
Event: 9.893 GC heap before
{Heap before GC invocations=13 (full 2):
 PSYoungGen      total 274944K, used 31882K [0x00000000eab00000, 0x0000000100000000, 0x0000000100000000)
  eden space 200704K, 0% used [0x00000000eab00000,0x00000000eab00000,0x00000000f6f00000)
  from space 74240K, 42% used [0x00000000f6f00000,0x00000000f8e22b78,0x00000000fb780000)
  to   space 71680K, 0% used [0x00000000fba00000,0x00000000fba00000,0x0000000100000000)
 ParOldGen       total 165888K, used 134751K [0x00000000c0000000, 0x00000000ca200000, 0x00000000eab00000)
  object space 165888K, 81% used [0x00000000c0000000,0x00000000c8397c28,0x00000000ca200000)
 Metaspace       used 6552K, capacity 7320K, committed 7680K, reserved 1056768K
  class space    used 614K, capacity 656K, committed 768K, reserved 1048576K
Event: 10.571 GC heap after
Heap after GC invocations=13 (full 2):
 PSYoungGen      total 274944K, used 0K [0x00000000eab00000, 0x0000000100000000, 0x0000000100000000)
  eden space 200704K, 0% used [0x00000000eab00000,0x00000000eab00000,0x00000000f6f00000)
  from space 74240K, 0% used [0x00000000f6f00000,0x00000000f6f00000,0x00000000fb780000)
  to   space 71680K, 0% used [0x00000000fba00000,0x00000000fba00000,0x0000000100000000)
 ParOldGen       total 297472K, used 164277K [0x00000000c0000000, 0x00000000d2280000, 0x00000000eab00000)
  object space 297472K, 55% used [0x00000000c0000000,0x00000000ca06d600,0x00000000d2280000)
 Metaspace       used 6552K, capacity 7320K, committed 7680K, reserved 1056768K
  class space    used 614K, capacity 656K, committed 768K, reserved 1048576K
}
Event: 11.610 GC heap before
{Heap before GC invocations=14 (full 2):
 PSYoungGen      total 274944K, used 200704K [0x00000000eab00000, 0x0000000100000000, 0x0000000100000000)
  eden space 200704K, 100% used [0x00000000eab00000,0x00000000f6f00000,0x00000000f6f00000)
  from space 74240K, 0% used [0x00000000f6f00000,0x00000000f6f00000,0x00000000fb780000)
  to   space 71680K, 0% used [0x00000000fba00000,0x00000000fba00000,0x0000000100000000)
 ParOldGen       total 297472K, used 164277K [0x00000000c0000000, 0x00000000d2280000, 0x00000000eab00000)
  object space 297472K, 55% used [0x00000000c0000000,0x00000000ca06d600,0x00000000d2280000)
 Metaspace       used 6554K, capacity 7320K, committed 7680K, reserved 1056768K
  class space    used 614K, capacity 656K, committed 768K, reserved 1048576K
Event: 11.697 GC heap after
Heap after GC invocations=14 (full 2):
 PSYoungGen      total 265216K, used 29966K [0x00000000eab00000, 0x00000000ff680000, 0x0000000100000000)
  eden space 203264K, 0% used [0x00000000eab00000,0x00000000eab00000,0x00000000f7180000)
  from space 61952K, 48% used [0x00000000fba00000,0x00000000fd743820,0x00000000ff680000)
  to   space 68096K, 0% used [0x00000000f7180000,0x00000000f7180000,0x00000000fb400000)
 ParOldGen       total 297472K, used 164277K [0x00000000c0000000, 0x00000000d2280000, 0x00000000eab00000)
  object space 297472K, 55% used [0x00000000c0000000,0x00000000ca06d600,0x00000000d2280000)
 Metaspace       used 6554K, capacity 7320K, committed 7680K, reserved 1056768K
  class space    used 614K, capacity 656K, committed 768K, reserved 1048576K
}
Event: 12.677 GC heap before
{Heap before GC invocations=15 (full 2):
 PSYoungGen      total 265216K, used 233230K [0x00000000eab00000, 0x00000000ff680000, 0x0000000100000000)
  eden space 203264K, 100% used [0x00000000eab00000,0x00000000f7180000,0x00000000f7180000)
  from space 61952K, 48% used [0x00000000fba00000,0x00000000fd743820,0x00000000ff680000)
  to   space 68096K, 0% used [0x00000000f7180000,0x00000000f7180000,0x00000000fb400000)
 ParOldGen       total 297472K, used 164277K [0x00000000c0000000, 0x00000000d2280000, 0x00000000eab00000)
  object space 297472K, 55% used [0x00000000c0000000,0x00000000ca06d600,0x00000000d2280000)
 Metaspace       used 6563K, capacity 7320K, committed 7680K, reserved 1056768K
  class space    used 614K, capacity 656K, committed 768K, reserved 1048576K
Event: 12.761 GC heap after
Heap after GC invocations=15 (full 2):
 PSYoungGen      total 271360K, used 61183K [0x00000000eab00000, 0x0000000100000000, 0x0000000100000000)
  eden space 203264K, 0% used [0x00000000eab00000,0x00000000eab00000,0x00000000f7180000)
  from space 68096K, 89% used [0x00000000f7180000,0x00000000fad3fce0,0x00000000fb400000)
  to   space 76288K, 0% used [0x00000000fb580000,0x00000000fb580000,0x0000000100000000)
 ParOldGen       total 297472K, used 164277K [0x00000000c0000000, 0x00000000d2280000, 0x00000000eab00000)
  object space 297472K, 55% used [0x00000000c0000000,0x00000000ca06d600,0x00000000d2280000)
 Metaspace       used 6563K, capacity 7320K, committed 7680K, reserved 1056768K
  class space    used 614K, capacity 656K, committed 768K, reserved 1048576K
}
Event: 13.514 GC heap before
{Heap before GC invocations=16 (full 2):
 PSYoungGen      total 271360K, used 264447K [0x00000000eab00000, 0x0000000100000000, 0x0000000100000000)
  eden space 203264K, 100% used [0x00000000eab00000,0x00000000f7180000,0x00000000f7180000)
  from space 68096K, 89% used [0x00000000f7180000,0x00000000fad3fce0,0x00000000fb400000)
  to   space 76288K, 0% used [0x00000000fb580000,0x00000000fb580000,0x0000000100000000)
 ParOldGen       total 297472K, used 164277K [0x00000000c0000000, 0x00000000d2280000, 0x00000000eab00000)
  object space 297472K, 55% used [0x00000000c0000000,0x00000000ca06d600,0x00000000d2280000)
 Metaspace       used 6568K, capacity 7320K, committed 7680K, reserved 1056768K
  class space    used 614K, capacity 656K, committed 768K, reserved 1048576K
Event: 13.636 GC heap after
Heap after GC invocations=16 (full 2):
 PSYoungGen      total 241152K, used 76268K [0x00000000eab00000, 0x0000000100000000, 0x0000000100000000)
  eden space 164864K, 0% used [0x00000000eab00000,0x00000000eab00000,0x00000000f4c00000)
  from space 76288K, 99% used [0x00000000fb580000,0x00000000ffffb0b0,0x0000000100000000)
  to   space 92160K, 0% used [0x00000000f4c00000,0x00000000f4c00000,0x00000000fa600000)
 ParOldGen       total 297472K, used 174341K [0x00000000c0000000, 0x00000000d2280000, 0x00000000eab00000)
  object space 297472K, 58% used [0x00000000c0000000,0x00000000caa41760,0x00000000d2280000)
 Metaspace       used 6568K, capacity 7320K, committed 7680K, reserved 1056768K
  class space    used 614K, capacity 656K, committed 768K, reserved 1048576K
}
Event: 15.707 GC heap before
{Heap before GC invocations=17 (full 2):
 PSYoungGen      total 241152K, used 241132K [0x00000000eab00000, 0x0000000100000000, 0x0000000100000000)
  eden space 164864K, 100% used [0x00000000eab00000,0x00000000f4c00000,0x00000000f4c00000)
  from space 76288K, 99% used [0x00000000fb580000,0x00000000ffffb0b0,0x0000000100000000)
  to   space 92160K, 0% used [0x00000000f4c00000,0x00000000f4c00000,0x00000000fa600000)
 ParOldGen       total 297472K, used 174341K [0x00000000c0000000, 0x00000000d2280000, 0x00000000eab00000)
  object space 297472K, 58% used [0x00000000c0000000,0x00000000caa41760,0x00000000d2280000)
 Metaspace       used 6897K, capacity 7608K, committed 7936K, reserved 1056768K
  class space    used 634K, capacity 688K, committed 768K, reserved 1048576K
Event: 15.899 GC heap after
Heap after GC invocations=17 (full 2):
 PSYoungGen      total 243712K, used 78429K [0x00000000eab00000, 0x0000000100000000, 0x0000000100000000)
  eden space 164864K, 0% used [0x00000000eab00000,0x00000000eab00000,0x00000000f4c00000)
  from space 78848K, 99% used [0x00000000f4c00000,0x00000000f98974d8,0x00000000f9900000)
  to   space 102400K, 0% used [0x00000000f9c00000,0x00000000f9c00000,0x0000000100000000)
 ParOldGen       total 297472K, used 197125K [0x00000000c0000000, 0x00000000d2280000, 0x00000000eab00000)
  object space 297472K, 66% used [0x00000000c0000000,0x00000000cc0815a8,0x00000000d2280000)
 Metaspace       used 6897K, capacity 7608K, committed 7936K, reserved 1056768K
  class space    used 634K, capacity 688K, committed 768K, reserved 1048576K
}

