# JRE version: Java(TM) SE Runtime Environment (8.0_20-b26) (build 1.8.0_20-b26)
# Java VM: Java HotSpot(TM) 64-Bit Server VM (25.20-b23 mixed mode windows-amd64 compressed oops)
Heap:
 PSYoungGen      total 251392K, used 73427K [0x00000000eab00000, 0x0000000100000000, 0x0000000100000000)
  eden space 153600K, 20% used [0x00000000eab00000,0x00000000eca0c2b8,0x00000000f4100000)
  from space 97792K, 42% used [0x00000000f4100000,0x00000000f69a8b60,0x00000000fa080000)
  to   space 93696K, 0% used [0x00000000fa480000,0x00000000fa480000,0x0000000100000000)
 ParOldGen       total 307200K, used 179559K [0x00000000c0000000, 0x00000000d2c00000, 0x00000000eab00000)
  object space 307200K, 58% used [0x00000000c0000000,0x00000000caf59d20,0x00000000d2c00000)
 Metaspace       used 6887K, capacity 7608K, committed 7936K, reserved 1056768K
  class space    used 633K, capacity 688K, committed 768K, reserved 1048576K
GC Heap History (10 events):
Event: 7.391 GC heap before
{Heap before GC invocations=9 (full 1):
 PSYoungGen      total 295936K, used 267188K [0x00000000eab00000, 0x0000000100000000, 0x0000000100000000)
  eden space 261632K, 100% used [0x00000000eab00000,0x00000000faa80000,0x00000000faa80000)
  from space 34304K, 16% used [0x00000000faa80000,0x00000000fafed140,0x00000000fcc00000)
  to   space 52736K, 0% used [0x00000000fcc80000,0x00000000fcc80000,0x0000000100000000)
 ParOldGen       total 171520K, used 87081K [0x00000000c0000000, 0x00000000ca780000, 0x00000000eab00000)
  object space 171520K, 50% used [0x00000000c0000000,0x00000000c550a618,0x00000000ca780000)
 Metaspace       used 6521K, capacity 7320K, committed 7680K, reserved 1056768K
  class space    used 615K, capacity 656K, committed 768K, reserved 1048576K
Event: 7.521 GC heap after
Heap after GC invocations=9 (full 1):
 PSYoungGen      total 283136K, used 45357K [0x00000000eab00000, 0x0000000100000000, 0x0000000100000000)
  eden space 230400K, 0% used [0x00000000eab00000,0x00000000eab00000,0x00000000f8c00000)
  from space 52736K, 86% used [0x00000000fcc80000,0x00000000ff8cb778,0x0000000100000000)
  to   space 59392K, 0% used [0x00000000f8c00000,0x00000000f8c00000,0x00000000fc600000)
 ParOldGen       total 171520K, used 87081K [0x00000000c0000000, 0x00000000ca780000, 0x00000000eab00000)
  object space 171520K, 50% used [0x00000000c0000000,0x00000000c550a618,0x00000000ca780000)
 Metaspace       used 6521K, capacity 7320K, committed 7680K, reserved 1056768K
  class space    used 615K, capacity 656K, committed 768K, reserved 1048576K
}
Event: 8.822 GC heap before
{Heap before GC invocations=10 (full 1):
 PSYoungGen      total 283136K, used 275757K [0x00000000eab00000, 0x0000000100000000, 0x0000000100000000)
  eden space 230400K, 100% used [0x00000000eab00000,0x00000000f8c00000,0x00000000f8c00000)
  from space 52736K, 86% used [0x00000000fcc80000,0x00000000ff8cb778,0x0000000100000000)
  to   space 59392K, 0% used [0x00000000f8c00000,0x00000000f8c00000,0x00000000fc600000)
 ParOldGen       total 171520K, used 87081K [0x00000000c0000000, 0x00000000ca780000, 0x00000000eab00000)
  object space 171520K, 50% used [0x00000000c0000000,0x00000000c550a618,0x00000000ca780000)
 Metaspace       used 6540K, capacity 7320K, committed 7680K, reserved 1056768K
  class space    used 615K, capacity 656K, committed 768K, reserved 1048576K
Event: 8.935 GC heap after
Heap after GC invocations=10 (full 1):
 PSYoungGen      total 289792K, used 59367K [0x00000000eab00000, 0x0000000100000000, 0x0000000100000000)
  eden space 230400K, 0% used [0x00000000eab00000,0x00000000eab00000,0x00000000f8c00000)
  from space 59392K, 99% used [0x00000000f8c00000,0x00000000fc5f9f40,0x00000000fc600000)
  to   space 59392K, 0% used [0x00000000fc600000,0x00000000fc600000,0x0000000100000000)
 ParOldGen       total 171520K, used 108067K [0x00000000c0000000, 0x00000000ca780000, 0x00000000eab00000)
  object space 171520K, 63% used [0x00000000c0000000,0x00000000c6988e08,0x00000000ca780000)
 Metaspace       used 6540K, capacity 7320K, committed 7680K, reserved 1056768K
  class space    used 615K, capacity 656K, committed 768K, reserved 1048576K
}
Event: 10.074 GC heap before
{Heap before GC invocations=11 (full 1):
 PSYoungGen      total 289792K, used 289767K [0x00000000eab00000, 0x0000000100000000, 0x0000000100000000)
  eden space 230400K, 100% used [0x00000000eab00000,0x00000000f8c00000,0x00000000f8c00000)
  from space 59392K, 99% used [0x00000000f8c00000,0x00000000fc5f9f40,0x00000000fc600000)
  to   space 59392K, 0% used [0x00000000fc600000,0x00000000fc600000,0x0000000100000000)
 ParOldGen       total 171520K, used 108067K [0x00000000c0000000, 0x00000000ca780000, 0x00000000eab00000)
  object space 171520K, 63% used [0x00000000c0000000,0x00000000c6988e08,0x00000000ca780000)
 Metaspace       used 6543K, capacity 7320K, committed 7680K, reserved 1056768K
  class space    used 615K, capacity 656K, committed 768K, reserved 1048576K
Event: 10.223 GC heap after
Heap after GC invocations=11 (full 1):
 PSYoungGen      total 212992K, used 59362K [0x00000000eab00000, 0x0000000100000000, 0x0000000100000000)
  eden space 153600K, 0% used [0x00000000eab00000,0x00000000eab00000,0x00000000f4100000)
  from space 59392K, 99% used [0x00000000fc600000,0x00000000ffff8a88,0x0000000100000000)
  to   space 97792K, 0% used [0x00000000f4100000,0x00000000f4100000,0x00000000fa080000)
 ParOldGen       total 171520K, used 143003K [0x00000000c0000000, 0x00000000ca780000, 0x00000000eab00000)
  object space 171520K, 83% used [0x00000000c0000000,0x00000000c8ba6ff0,0x00000000ca780000)
 Metaspace       used 6543K, capacity 7320K, committed 7680K, reserved 1056768K
  class space    used 615K, capacity 656K, committed 768K, reserved 1048576K
}
Event: 10.223 GC heap before
{Heap before GC invocations=12 (full 2):
 PSYoungGen      total 212992K, used 59362K [0x00000000eab00000, 0x0000000100000000, 0x0000000100000000)
  eden space 153600K, 0% used [0x00000000eab00000,0x00000000eab00000,0x00000000f4100000)
  from space 59392K, 99% used [0x00000000fc600000,0x00000000ffff8a88,0x0000000100000000)
  to   space 97792K, 0% used [0x00000000f4100000,0x00000000f4100000,0x00000000fa080000)
 ParOldGen       total 171520K, used 143003K [0x00000000c0000000, 0x00000000ca780000, 0x00000000eab00000)
  object space 171520K, 83% used [0x00000000c0000000,0x00000000c8ba6ff0,0x00000000ca780000)
 Metaspace       used 6543K, capacity 7320K, committed 7680K, reserved 1056768K
  class space    used 615K, capacity 656K, committed 768K, reserved 1048576K
Event: 11.570 GC heap after
Heap after GC invocations=12 (full 2):
 PSYoungGen      total 212992K, used 25506K [0x00000000eab00000, 0x0000000100000000, 0x0000000100000000)
  eden space 153600K, 0% used [0x00000000eab00000,0x00000000eab00000,0x00000000f4100000)
  from space 59392K, 42% used [0x00000000fc600000,0x00000000fdee8a48,0x0000000100000000)
  to   space 97792K, 0% used [0x00000000f4100000,0x00000000f4100000,0x00000000fa080000)
 ParOldGen       total 307200K, used 171503K [0x00000000c0000000, 0x00000000d2c00000, 0x00000000eab00000)
  object space 307200K, 55% used [0x00000000c0000000,0x00000000ca77bd20,0x00000000d2c00000)
 Metaspace       used 6543K, capacity 7320K, committed 7680K, reserved 1056768K
  class space    used 615K, capacity 656K, committed 768K, reserved 1048576K
}
Event: 12.699 GC heap before
{Heap before GC invocations=13 (full 2):
 PSYoungGen      total 212992K, used 179106K [0x00000000eab00000, 0x0000000100000000, 0x0000000100000000)
  eden space 153600K, 100% used [0x00000000eab00000,0x00000000f4100000,0x00000000f4100000)
  from space 59392K, 42% used [0x00000000fc600000,0x00000000fdee8a48,0x0000000100000000)
  to   space 97792K, 0% used [0x00000000f4100000,0x00000000f4100000,0x00000000fa080000)
 ParOldGen       total 307200K, used 171503K [0x00000000c0000000, 0x00000000d2c00000, 0x00000000eab00000)
  object space 307200K, 55% used [0x00000000c0000000,0x00000000ca77bd20,0x00000000d2c00000)
 Metaspace       used 6642K, capacity 7384K, committed 7680K, reserved 1056768K
  class space    used 621K, capacity 656K, committed 768K, reserved 1048576K
Event: 12.843 GC heap after
Heap after GC invocations=13 (full 2):
 PSYoungGen      total 251392K, used 41634K [0x00000000eab00000, 0x0000000100000000, 0x0000000100000000)
  eden space 153600K, 0% used [0x00000000eab00000,0x00000000eab00000,0x00000000f4100000)
  from space 97792K, 42% used [0x00000000f4100000,0x00000000f69a8b60,0x00000000fa080000)
  to   space 93696K, 0% used [0x00000000fa480000,0x00000000fa480000,0x0000000100000000)
 ParOldGen       total 307200K, used 179559K [0x00000000c0000000, 0x00000000d2c00000, 0x00000000eab00000)
  object space 307200K, 58% used [0x00000000c0000000,0x00000000caf59d20,0x00000000d2c00000)
 Metaspace       used 6642K, capacity 7384K, committed 7680K, reserved 1056768K
  class space    used 621K, capacity 656K, committed 768K, reserved 1048576K
}

