# JRE version: Java(TM) SE Runtime Environment (8.0_20-b26) (build 1.8.0_20-b26)
# Java VM: Java HotSpot(TM) 64-Bit Server VM (25.20-b23 mixed mode windows-amd64 compressed oops)
Heap:
 PSYoungGen      total 273920K, used 166271K [0x00000000eab00000, 0x0000000100000000, 0x0000000100000000)
  eden space 198656K, 83% used [0x00000000eab00000,0x00000000f4d5fe58,0x00000000f6d00000)
  from space 75264K, 0% used [0x00000000f6d00000,0x00000000f6d00000,0x00000000fb680000)
  to   space 72192K, 0% used [0x00000000fb980000,0x00000000fb980000,0x0000000100000000)
 ParOldGen       total 172032K, used 172031K [0x00000000c0000000, 0x00000000ca800000, 0x00000000eab00000)
  object space 172032K, 99% used [0x00000000c0000000,0x00000000ca7ffff0,0x00000000ca800000)
 Metaspace       used 6660K, capacity 7384K, committed 7680K, reserved 1056768K
  class space    used 621K, capacity 656K, committed 768K, reserved 1048576K
GC Heap History (10 events):
Event: 6.443 GC heap before
{Heap before GC invocations=10 (full 0):
 PSYoungGen      total 293888K, used 293881K [0x00000000eab00000, 0x0000000100000000, 0x0000000100000000)
  eden space 252416K, 100% used [0x00000000eab00000,0x00000000fa180000,0x00000000fa180000)
  from space 41472K, 99% used [0x00000000fa180000,0x00000000fc9fe5b8,0x00000000fca00000)
  to   space 55296K, 0% used [0x00000000fca00000,0x00000000fca00000,0x0000000100000000)
 ParOldGen       total 87552K, used 64624K [0x00000000c0000000, 0x00000000c5580000, 0x00000000eab00000)
  object space 87552K, 73% used [0x00000000c0000000,0x00000000c3f1c1c8,0x00000000c5580000)
 Metaspace       used 6516K, capacity 7320K, committed 7680K, reserved 1056768K
  class space    used 615K, capacity 656K, committed 768K, reserved 1048576K
Event: 6.580 GC heap after
Heap after GC invocations=10 (full 0):
 PSYoungGen      total 253952K, used 55287K [0x00000000eab00000, 0x0000000100000000, 0x0000000100000000)
  eden space 198656K, 0% used [0x00000000eab00000,0x00000000eab00000,0x00000000f6d00000)
  from space 55296K, 99% used [0x00000000fca00000,0x00000000ffffdd98,0x0000000100000000)
  to   space 75264K, 0% used [0x00000000f6d00000,0x00000000f6d00000,0x00000000fb680000)
 ParOldGen       total 90112K, used 90010K [0x00000000c0000000, 0x00000000c5800000, 0x00000000eab00000)
  object space 90112K, 99% used [0x00000000c0000000,0x00000000c57e6880,0x00000000c5800000)
 Metaspace       used 6516K, capacity 7320K, committed 7680K, reserved 1056768K
  class space    used 615K, capacity 656K, committed 768K, reserved 1048576K
}
Event: 6.580 GC heap before
{Heap before GC invocations=11 (full 1):
 PSYoungGen      total 253952K, used 55287K [0x00000000eab00000, 0x0000000100000000, 0x0000000100000000)
  eden space 198656K, 0% used [0x00000000eab00000,0x00000000eab00000,0x00000000f6d00000)
  from space 55296K, 99% used [0x00000000fca00000,0x00000000ffffdd98,0x0000000100000000)
  to   space 75264K, 0% used [0x00000000f6d00000,0x00000000f6d00000,0x00000000fb680000)
 ParOldGen       total 90112K, used 90010K [0x00000000c0000000, 0x00000000c5800000, 0x00000000eab00000)
  object space 90112K, 99% used [0x00000000c0000000,0x00000000c57e6880,0x00000000c5800000)
 Metaspace       used 6516K, capacity 7320K, committed 7680K, reserved 1056768K
  class space    used 615K, capacity 656K, committed 768K, reserved 1048576K
Event: 7.955 GC heap after
Heap after GC invocations=11 (full 1):
 PSYoungGen      total 253952K, used 46727K [0x00000000eab00000, 0x0000000100000000, 0x0000000100000000)
  eden space 198656K, 0% used [0x00000000eab00000,0x00000000eab00000,0x00000000f6d00000)
  from space 55296K, 84% used [0x00000000fca00000,0x00000000ff7a1cc8,0x0000000100000000)
  to   space 75264K, 0% used [0x00000000f6d00000,0x00000000f6d00000,0x00000000fb680000)
 ParOldGen       total 172032K, used 90049K [0x00000000c0000000, 0x00000000ca800000, 0x00000000eab00000)
  object space 172032K, 52% used [0x00000000c0000000,0x00000000c57f04f8,0x00000000ca800000)
 Metaspace       used 6516K, capacity 7320K, committed 7680K, reserved 1056768K
  class space    used 615K, capacity 656K, committed 768K, reserved 1048576K
}
Event: 8.848 GC heap before
{Heap before GC invocations=12 (full 1):
 PSYoungGen      total 253952K, used 245383K [0x00000000eab00000, 0x0000000100000000, 0x0000000100000000)
  eden space 198656K, 100% used [0x00000000eab00000,0x00000000f6d00000,0x00000000f6d00000)
  from space 55296K, 84% used [0x00000000fca00000,0x00000000ff7a1cc8,0x0000000100000000)
  to   space 75264K, 0% used [0x00000000f6d00000,0x00000000f6d00000,0x00000000fb680000)
 ParOldGen       total 172032K, used 90049K [0x00000000c0000000, 0x00000000ca800000, 0x00000000eab00000)
  object space 172032K, 52% used [0x00000000c0000000,0x00000000c57f04f8,0x00000000ca800000)
 Metaspace       used 6529K, capacity 7320K, committed 7680K, reserved 1056768K
  class space    used 615K, capacity 656K, committed 768K, reserved 1048576K
Event: 8.984 GC heap after
Heap after GC invocations=12 (full 1):
 PSYoungGen      total 273920K, used 31958K [0x00000000eab00000, 0x0000000100000000, 0x0000000100000000)
  eden space 198656K, 0% used [0x00000000eab00000,0x00000000eab00000,0x00000000f6d00000)
  from space 75264K, 42% used [0x00000000f6d00000,0x00000000f8c35a50,0x00000000fb680000)
  to   space 72192K, 0% used [0x00000000fb980000,0x00000000fb980000,0x0000000100000000)
 ParOldGen       total 172032K, used 136550K [0x00000000c0000000, 0x00000000ca800000, 0x00000000eab00000)
  object space 172032K, 79% used [0x00000000c0000000,0x00000000c85599b0,0x00000000ca800000)
 Metaspace       used 6529K, capacity 7320K, committed 7680K, reserved 1056768K
  class space    used 615K, capacity 656K, committed 768K, reserved 1048576K
}
Event: 8.984 GC heap before
{Heap before GC invocations=13 (full 2):
 PSYoungGen      total 273920K, used 31958K [0x00000000eab00000, 0x0000000100000000, 0x0000000100000000)
  eden space 198656K, 0% used [0x00000000eab00000,0x00000000eab00000,0x00000000f6d00000)
  from space 75264K, 42% used [0x00000000f6d00000,0x00000000f8c35a50,0x00000000fb680000)
  to   space 72192K, 0% used [0x00000000fb980000,0x00000000fb980000,0x0000000100000000)
 ParOldGen       total 172032K, used 136550K [0x00000000c0000000, 0x00000000ca800000, 0x00000000eab00000)
  object space 172032K, 79% used [0x00000000c0000000,0x00000000c85599b0,0x00000000ca800000)
 Metaspace       used 6529K, capacity 7320K, committed 7680K, reserved 1056768K
  class space    used 615K, capacity 656K, committed 768K, reserved 1048576K
Event: 10.149 GC heap after
Heap after GC invocations=13 (full 2):
 PSYoungGen      total 273920K, used 0K [0x00000000eab00000, 0x0000000100000000, 0x0000000100000000)
  eden space 198656K, 0% used [0x00000000eab00000,0x00000000eab00000,0x00000000f6d00000)
  from space 75264K, 0% used [0x00000000f6d00000,0x00000000f6d00000,0x00000000fb680000)
  to   space 72192K, 0% used [0x00000000fb980000,0x00000000fb980000,0x0000000100000000)
 ParOldGen       total 172032K, used 165393K [0x00000000c0000000, 0x00000000ca800000, 0x00000000eab00000)
  object space 172032K, 96% used [0x00000000c0000000,0x00000000ca184640,0x00000000ca800000)
 Metaspace       used 6529K, capacity 7320K, committed 7680K, reserved 1056768K
  class space    used 615K, capacity 656K, committed 768K, reserved 1048576K
}
Event: 11.051 GC heap before
{Heap before GC invocations=14 (full 3):
 PSYoungGen      total 273920K, used 198656K [0x00000000eab00000, 0x0000000100000000, 0x0000000100000000)
  eden space 198656K, 100% used [0x00000000eab00000,0x00000000f6d00000,0x00000000f6d00000)
  from space 75264K, 0% used [0x00000000f6d00000,0x00000000f6d00000,0x00000000fb680000)
  to   space 72192K, 0% used [0x00000000fb980000,0x00000000fb980000,0x0000000100000000)
 ParOldGen       total 172032K, used 165393K [0x00000000c0000000, 0x00000000ca800000, 0x00000000eab00000)
  object space 172032K, 96% used [0x00000000c0000000,0x00000000ca184640,0x00000000ca800000)
 Metaspace       used 6533K, capacity 7320K, committed 7680K, reserved 1056768K
  class space    used 615K, capacity 656K, committed 768K, reserved 1048576K
Event: 12.023 GC heap after
Heap after GC invocations=14 (full 3):
 PSYoungGen      total 273920K, used 20109K [0x00000000eab00000, 0x0000000100000000, 0x0000000100000000)
  eden space 198656K, 10% used [0x00000000eab00000,0x00000000ebea3468,0x00000000f6d00000)
  from space 75264K, 0% used [0x00000000f6d00000,0x00000000f6d00000,0x00000000fb680000)
  to   space 72192K, 0% used [0x00000000fb980000,0x00000000fb980000,0x0000000100000000)
 ParOldGen       total 172032K, used 172031K [0x00000000c0000000, 0x00000000ca800000, 0x00000000eab00000)
  object space 172032K, 99% used [0x00000000c0000000,0x00000000ca7ffff0,0x00000000ca800000)
 Metaspace       used 6533K, capacity 7320K, committed 7680K, reserved 1056768K
  class space    used 615K, capacity 656K, committed 768K, reserved 1048576K
}

