# JRE version: Java(TM) SE Runtime Environment (8.0_20-b26) (build 1.8.0_20-b26)
# Java VM: Java HotSpot(TM) 64-Bit Server VM (25.20-b23 mixed mode windows-amd64 compressed oops)
Heap:
 PSYoungGen      total 251904K, used 244028K [0x00000000eab00000, 0x0000000100000000, 0x0000000100000000)
  eden space 197632K, 100% used [0x00000000eab00000,0x00000000f6c00000,0x00000000f6c00000)
  from space 54272K, 85% used [0x00000000fcb00000,0x00000000ff84f0e8,0x0000000100000000)
  to   space 75776K, 0% used [0x00000000f6c00000,0x00000000f6c00000,0x00000000fb600000)
 ParOldGen       total 92672K, used 92195K [0x00000000c0000000, 0x00000000c5a80000, 0x00000000eab00000)
  object space 92672K, 99% used [0x00000000c0000000,0x00000000c5a08d40,0x00000000c5a80000)
 Metaspace       used 6521K, capacity 7320K, committed 7680K, reserved 1056768K
  class space    used 614K, capacity 656K, committed 768K, reserved 1048576K
GC Heap History (10 events):
Event: 4.709 GC heap after
Heap after GC invocations=7 (full 0):
 PSYoungGen      total 152576K, used 20986K [0x00000000eab00000, 0x00000000fea00000, 0x0000000100000000)
  eden space 131584K, 0% used [0x00000000eab00000,0x00000000eab00000,0x00000000f2b80000)
  from space 20992K, 99% used [0x00000000f2b80000,0x00000000f3ffea48,0x00000000f4000000)
  to   space 31744K, 0% used [0x00000000fcb00000,0x00000000fcb00000,0x00000000fea00000)
 ParOldGen       total 87552K, used 35885K [0x00000000c0000000, 0x00000000c5580000, 0x00000000eab00000)
  object space 87552K, 40% used [0x00000000c0000000,0x00000000c230b690,0x00000000c5580000)
 Metaspace       used 6465K, capacity 7256K, committed 7424K, reserved 1056768K
  class space    used 613K, capacity 656K, committed 768K, reserved 1048576K
}
Event: 5.373 GC heap before
{Heap before GC invocations=8 (full 0):
 PSYoungGen      total 152576K, used 152570K [0x00000000eab00000, 0x00000000fea00000, 0x0000000100000000)
  eden space 131584K, 100% used [0x00000000eab00000,0x00000000f2b80000,0x00000000f2b80000)
  from space 20992K, 99% used [0x00000000f2b80000,0x00000000f3ffea48,0x00000000f4000000)
  to   space 31744K, 0% used [0x00000000fcb00000,0x00000000fcb00000,0x00000000fea00000)
 ParOldGen       total 87552K, used 35885K [0x00000000c0000000, 0x00000000c5580000, 0x00000000eab00000)
  object space 87552K, 40% used [0x00000000c0000000,0x00000000c230b690,0x00000000c5580000)
 Metaspace       used 6479K, capacity 7256K, committed 7424K, reserved 1056768K
  class space    used 613K, capacity 656K, committed 768K, reserved 1048576K
Event: 5.447 GC heap after
Heap after GC invocations=8 (full 0):
 PSYoungGen      total 285184K, used 31727K [0x00000000eab00000, 0x00000000ffd00000, 0x0000000100000000)
  eden space 253440K, 0% used [0x00000000eab00000,0x00000000eab00000,0x00000000fa280000)
  from space 31744K, 99% used [0x00000000fcb00000,0x00000000fe9fbea0,0x00000000fea00000)
  to   space 41472K, 0% used [0x00000000fa280000,0x00000000fa280000,0x00000000fcb00000)
 ParOldGen       total 87552K, used 45105K [0x00000000c0000000, 0x00000000c5580000, 0x00000000eab00000)
  object space 87552K, 51% used [0x00000000c0000000,0x00000000c2c0c5f0,0x00000000c5580000)
 Metaspace       used 6479K, capacity 7256K, committed 7424K, reserved 1056768K
  class space    used 613K, capacity 656K, committed 768K, reserved 1048576K
}
Event: 7.206 GC heap before
{Heap before GC invocations=9 (full 0):
 PSYoungGen      total 285184K, used 285167K [0x00000000eab00000, 0x00000000ffd00000, 0x0000000100000000)
  eden space 253440K, 100% used [0x00000000eab00000,0x00000000fa280000,0x00000000fa280000)
  from space 31744K, 99% used [0x00000000fcb00000,0x00000000fe9fbea0,0x00000000fea00000)
  to   space 41472K, 0% used [0x00000000fa280000,0x00000000fa280000,0x00000000fcb00000)
 ParOldGen       total 87552K, used 45105K [0x00000000c0000000, 0x00000000c5580000, 0x00000000eab00000)
  object space 87552K, 51% used [0x00000000c0000000,0x00000000c2c0c5f0,0x00000000c5580000)
 Metaspace       used 6498K, capacity 7320K, committed 7680K, reserved 1056768K
  class space    used 614K, capacity 656K, committed 768K, reserved 1048576K
Event: 7.373 GC heap after
Heap after GC invocations=9 (full 0):
 PSYoungGen      total 294912K, used 41469K [0x00000000eab00000, 0x0000000100000000, 0x0000000100000000)
  eden space 253440K, 0% used [0x00000000eab00000,0x00000000eab00000,0x00000000fa280000)
  from space 41472K, 99% used [0x00000000fa280000,0x00000000fcaff570,0x00000000fcb00000)
  to   space 54272K, 0% used [0x00000000fcb00000,0x00000000fcb00000,0x0000000100000000)
 ParOldGen       total 87552K, used 65780K [0x00000000c0000000, 0x00000000c5580000, 0x00000000eab00000)
  object space 87552K, 75% used [0x00000000c0000000,0x00000000c403d138,0x00000000c5580000)
 Metaspace       used 6498K, capacity 7320K, committed 7680K, reserved 1056768K
  class space    used 614K, capacity 656K, committed 768K, reserved 1048576K
}
Event: 8.406 GC heap before
{Heap before GC invocations=10 (full 0):
 PSYoungGen      total 294912K, used 294909K [0x00000000eab00000, 0x0000000100000000, 0x0000000100000000)
  eden space 253440K, 100% used [0x00000000eab00000,0x00000000fa280000,0x00000000fa280000)
  from space 41472K, 99% used [0x00000000fa280000,0x00000000fcaff570,0x00000000fcb00000)
  to   space 54272K, 0% used [0x00000000fcb00000,0x00000000fcb00000,0x0000000100000000)
 ParOldGen       total 87552K, used 65780K [0x00000000c0000000, 0x00000000c5580000, 0x00000000eab00000)
  object space 87552K, 75% used [0x00000000c0000000,0x00000000c403d138,0x00000000c5580000)
 Metaspace       used 6513K, capacity 7320K, committed 7680K, reserved 1056768K
  class space    used 614K, capacity 656K, committed 768K, reserved 1048576K
Event: 8.580 GC heap after
Heap after GC invocations=10 (full 0):
 PSYoungGen      total 251904K, used 54268K [0x00000000eab00000, 0x0000000100000000, 0x0000000100000000)
  eden space 197632K, 0% used [0x00000000eab00000,0x00000000eab00000,0x00000000f6c00000)
  from space 54272K, 99% used [0x00000000fcb00000,0x00000000fffff078,0x0000000100000000)
  to   space 75776K, 0% used [0x00000000f6c00000,0x00000000f6c00000,0x00000000fb600000)
 ParOldGen       total 92672K, used 92447K [0x00000000c0000000, 0x00000000c5a80000, 0x00000000eab00000)
  object space 92672K, 99% used [0x00000000c0000000,0x00000000c5a47e90,0x00000000c5a80000)
 Metaspace       used 6513K, capacity 7320K, committed 7680K, reserved 1056768K
  class space    used 614K, capacity 656K, committed 768K, reserved 1048576K
}
Event: 8.580 GC heap before
{Heap before GC invocations=11 (full 1):
 PSYoungGen      total 251904K, used 54268K [0x00000000eab00000, 0x0000000100000000, 0x0000000100000000)
  eden space 197632K, 0% used [0x00000000eab00000,0x00000000eab00000,0x00000000f6c00000)
  from space 54272K, 99% used [0x00000000fcb00000,0x00000000fffff078,0x0000000100000000)
  to   space 75776K, 0% used [0x00000000f6c00000,0x00000000f6c00000,0x00000000fb600000)
 ParOldGen       total 92672K, used 92447K [0x00000000c0000000, 0x00000000c5a80000, 0x00000000eab00000)
  object space 92672K, 99% used [0x00000000c0000000,0x00000000c5a47e90,0x00000000c5a80000)
 Metaspace       used 6513K, capacity 7320K, committed 7680K, reserved 1056768K
  class space    used 614K, capacity 656K, committed 768K, reserved 1048576K
Event: 10.274 GC heap after
Heap after GC invocations=11 (full 1):
 PSYoungGen      total 251904K, used 46396K [0x00000000eab00000, 0x0000000100000000, 0x0000000100000000)
  eden space 197632K, 0% used [0x00000000eab00000,0x00000000eab00000,0x00000000f6c00000)
  from space 54272K, 85% used [0x00000000fcb00000,0x00000000ff84f0e8,0x0000000100000000)
  to   space 75776K, 0% used [0x00000000f6c00000,0x00000000f6c00000,0x00000000fb600000)
 ParOldGen       total 92672K, used 92195K [0x00000000c0000000, 0x00000000c5a80000, 0x00000000eab00000)
  object space 92672K, 99% used [0x00000000c0000000,0x00000000c5a08d40,0x00000000c5a80000)
 Metaspace       used 6513K, capacity 7320K, committed 7680K, reserved 1056768K
  class space    used 614K, capacity 656K, committed 768K, reserved 1048576K
}
Event: 11.133 GC heap before
{Heap before GC invocations=12 (full 2):
 PSYoungGen      total 251904K, used 244028K [0x00000000eab00000, 0x0000000100000000, 0x0000000100000000)
  eden space 197632K, 100% used [0x00000000eab00000,0x00000000f6c00000,0x00000000f6c00000)
  from space 54272K, 85% used [0x00000000fcb00000,0x00000000ff84f0e8,0x0000000100000000)
  to   space 75776K, 0% used [0x00000000f6c00000,0x00000000f6c00000,0x00000000fb600000)
 ParOldGen       total 92672K, used 92195K [0x00000000c0000000, 0x00000000c5a80000, 0x00000000eab00000)
  object space 92672K, 99% used [0x00000000c0000000,0x00000000c5a08d40,0x00000000c5a80000)
 Metaspace       used 6521K, capacity 7320K, committed 7680K, reserved 1056768K
  class space    used 614K, capacity 656K, committed 768K, reserved 1048576K

