# JRE version: Java(TM) SE Runtime Environment (8.0_20-b26) (build 1.8.0_20-b26)
# Java VM: Java HotSpot(TM) 64-Bit Server VM (25.20-b23 mixed mode windows-amd64 compressed oops)
Heap:
 PSYoungGen      total 226816K, used 168738K [0x00000000eab00000, 0x0000000100000000, 0x0000000100000000)
  eden space 116736K, 52% used [0x00000000eab00000,0x00000000ee7003e8,0x00000000f1d00000)
  from space 110080K, 97% used [0x00000000f9480000,0x00000000ffd48790,0x0000000100000000)
  to   space 116224K, 0% used [0x00000000f1d00000,0x00000000f1d00000,0x00000000f8e80000)
 ParOldGen       total 305152K, used 175717K [0x00000000c0000000, 0x00000000d2a00000, 0x00000000eab00000)
  object space 305152K, 57% used [0x00000000c0000000,0x00000000cab99508,0x00000000d2a00000)
 Metaspace       used 7390K, capacity 7832K, committed 7936K, reserved 1056768K
  class space    used 669K, capacity 720K, committed 768K, reserved 1048576K
GC Heap History (10 events):
Event: 11.570 GC heap before
{Heap before GC invocations=12 (full 2):
 PSYoungGen      total 214528K, used 58874K [0x00000000eab00000, 0x0000000100000000, 0x0000000100000000)
  eden space 155648K, 0% used [0x00000000eab00000,0x00000000eab00000,0x00000000f4300000)
  from space 58880K, 99% used [0x00000000fc680000,0x00000000ffffebb0,0x0000000100000000)
  to   space 96768K, 0% used [0x00000000f4300000,0x00000000f4300000,0x00000000fa180000)
 ParOldGen       total 171008K, used 143454K [0x00000000c0000000, 0x00000000ca700000, 0x00000000eab00000)
  object space 171008K, 83% used [0x00000000c0000000,0x00000000c8c17948,0x00000000ca700000)
 Metaspace       used 6550K, capacity 7320K, committed 7680K, reserved 1056768K
  class space    used 616K, capacity 656K, committed 768K, reserved 1048576K
Event: 13.334 GC heap after
Heap after GC invocations=12 (full 2):
 PSYoungGen      total 214528K, used 25517K [0x00000000eab00000, 0x0000000100000000, 0x0000000100000000)
  eden space 155648K, 0% used [0x00000000eab00000,0x00000000eab00000,0x00000000f4300000)
  from space 58880K, 43% used [0x00000000fc680000,0x00000000fdf6b770,0x0000000100000000)
  to   space 96768K, 0% used [0x00000000f4300000,0x00000000f4300000,0x00000000fa180000)
 ParOldGen       total 305152K, used 170733K [0x00000000c0000000, 0x00000000d2a00000, 0x00000000eab00000)
  object space 305152K, 55% used [0x00000000c0000000,0x00000000ca6bb508,0x00000000d2a00000)
 Metaspace       used 6550K, capacity 7320K, committed 7680K, reserved 1056768K
  class space    used 616K, capacity 656K, committed 768K, reserved 1048576K
}
Event: 14.080 GC heap before
{Heap before GC invocations=13 (full 2):
 PSYoungGen      total 214528K, used 181165K [0x00000000eab00000, 0x0000000100000000, 0x0000000100000000)
  eden space 155648K, 100% used [0x00000000eab00000,0x00000000f4300000,0x00000000f4300000)
  from space 58880K, 43% used [0x00000000fc680000,0x00000000fdf6b770,0x0000000100000000)
  to   space 96768K, 0% used [0x00000000f4300000,0x00000000f4300000,0x00000000fa180000)
 ParOldGen       total 305152K, used 170733K [0x00000000c0000000, 0x00000000d2a00000, 0x00000000eab00000)
  object space 305152K, 55% used [0x00000000c0000000,0x00000000ca6bb508,0x00000000d2a00000)
 Metaspace       used 6555K, capacity 7320K, committed 7680K, reserved 1056768K
  class space    used 616K, capacity 656K, committed 768K, reserved 1048576K
Event: 14.249 GC heap after
Heap after GC invocations=13 (full 2):
 PSYoungGen      total 252416K, used 45230K [0x00000000eab00000, 0x0000000100000000, 0x0000000100000000)
  eden space 155648K, 0% used [0x00000000eab00000,0x00000000eab00000,0x00000000f4300000)
  from space 96768K, 46% used [0x00000000f4300000,0x00000000f6f2b8a8,0x00000000fa180000)
  to   space 94208K, 0% used [0x00000000fa400000,0x00000000fa400000,0x0000000100000000)
 ParOldGen       total 305152K, used 175717K [0x00000000c0000000, 0x00000000d2a00000, 0x00000000eab00000)
  object space 305152K, 57% used [0x00000000c0000000,0x00000000cab99508,0x00000000d2a00000)
 Metaspace       used 6555K, capacity 7320K, committed 7680K, reserved 1056768K
  class space    used 616K, capacity 656K, committed 768K, reserved 1048576K
}
Event: 14.883 GC heap before
{Heap before GC invocations=14 (full 2):
 PSYoungGen      total 252416K, used 200878K [0x00000000eab00000, 0x0000000100000000, 0x0000000100000000)
  eden space 155648K, 100% used [0x00000000eab00000,0x00000000f4300000,0x00000000f4300000)
  from space 96768K, 46% used [0x00000000f4300000,0x00000000f6f2b8a8,0x00000000fa180000)
  to   space 94208K, 0% used [0x00000000fa400000,0x00000000fa400000,0x0000000100000000)
 ParOldGen       total 305152K, used 175717K [0x00000000c0000000, 0x00000000d2a00000, 0x00000000eab00000)
  object space 305152K, 57% used [0x00000000c0000000,0x00000000cab99508,0x00000000d2a00000)
 Metaspace       used 6569K, capacity 7320K, committed 7680K, reserved 1056768K
  class space    used 616K, capacity 656K, committed 768K, reserved 1048576K
Event: 14.997 GC heap after
Heap after GC invocations=14 (full 2):
 PSYoungGen      total 244736K, used 66299K [0x00000000eab00000, 0x0000000100000000, 0x0000000100000000)
  eden space 150528K, 0% used [0x00000000eab00000,0x00000000eab00000,0x00000000f3e00000)
  from space 94208K, 70% used [0x00000000fa400000,0x00000000fe4bedf8,0x0000000100000000)
  to   space 99328K, 0% used [0x00000000f3e00000,0x00000000f3e00000,0x00000000f9f00000)
 ParOldGen       total 305152K, used 175717K [0x00000000c0000000, 0x00000000d2a00000, 0x00000000eab00000)
  object space 305152K, 57% used [0x00000000c0000000,0x00000000cab99508,0x00000000d2a00000)
 Metaspace       used 6569K, capacity 7320K, committed 7680K, reserved 1056768K
  class space    used 616K, capacity 656K, committed 768K, reserved 1048576K
}
Event: 15.585 GC heap before
{Heap before GC invocations=15 (full 2):
 PSYoungGen      total 244736K, used 216827K [0x00000000eab00000, 0x0000000100000000, 0x0000000100000000)
  eden space 150528K, 100% used [0x00000000eab00000,0x00000000f3e00000,0x00000000f3e00000)
  from space 94208K, 70% used [0x00000000fa400000,0x00000000fe4bedf8,0x0000000100000000)
  to   space 99328K, 0% used [0x00000000f3e00000,0x00000000f3e00000,0x00000000f9f00000)
 ParOldGen       total 305152K, used 175717K [0x00000000c0000000, 0x00000000d2a00000, 0x00000000eab00000)
  object space 305152K, 57% used [0x00000000c0000000,0x00000000cab99508,0x00000000d2a00000)
 Metaspace       used 6570K, capacity 7320K, committed 7680K, reserved 1056768K
  class space    used 616K, capacity 656K, committed 768K, reserved 1048576K
Event: 15.748 GC heap after
Heap after GC invocations=15 (full 2):
 PSYoungGen      total 236032K, used 85066K [0x00000000eab00000, 0x0000000100000000, 0x0000000100000000)
  eden space 150528K, 0% used [0x00000000eab00000,0x00000000eab00000,0x00000000f3e00000)
  from space 85504K, 99% used [0x00000000f3e00000,0x00000000f9112958,0x00000000f9180000)
  to   space 110080K, 0% used [0x00000000f9480000,0x00000000f9480000,0x0000000100000000)
 ParOldGen       total 305152K, used 175717K [0x00000000c0000000, 0x00000000d2a00000, 0x00000000eab00000)
  object space 305152K, 57% used [0x00000000c0000000,0x00000000cab99508,0x00000000d2a00000)
 Metaspace       used 6570K, capacity 7320K, committed 7680K, reserved 1056768K
  class space    used 616K, capacity 656K, committed 768K, reserved 1048576K
}
Event: 18.782 GC heap before
{Heap before GC invocations=16 (full 2):
 PSYoungGen      total 236032K, used 235594K [0x00000000eab00000, 0x0000000100000000, 0x0000000100000000)
  eden space 150528K, 100% used [0x00000000eab00000,0x00000000f3e00000,0x00000000f3e00000)
  from space 85504K, 99% used [0x00000000f3e00000,0x00000000f9112958,0x00000000f9180000)
  to   space 110080K, 0% used [0x00000000f9480000,0x00000000f9480000,0x0000000100000000)
 ParOldGen       total 305152K, used 175717K [0x00000000c0000000, 0x00000000d2a00000, 0x00000000eab00000)
  object space 305152K, 57% used [0x00000000c0000000,0x00000000cab99508,0x00000000d2a00000)
 Metaspace       used 6918K, capacity 7672K, committed 7936K, reserved 1056768K
  class space    used 635K, capacity 688K, committed 768K, reserved 1048576K
Event: 18.989 GC heap after
Heap after GC invocations=16 (full 2):
 PSYoungGen      total 226816K, used 107297K [0x00000000eab00000, 0x0000000100000000, 0x0000000100000000)
  eden space 116736K, 0% used [0x00000000eab00000,0x00000000eab00000,0x00000000f1d00000)
  from space 110080K, 97% used [0x00000000f9480000,0x00000000ffd48790,0x0000000100000000)
  to   space 116224K, 0% used [0x00000000f1d00000,0x00000000f1d00000,0x00000000f8e80000)
 ParOldGen       total 305152K, used 175717K [0x00000000c0000000, 0x00000000d2a00000, 0x00000000eab00000)
  object space 305152K, 57% used [0x00000000c0000000,0x00000000cab99508,0x00000000d2a00000)
 Metaspace       used 6918K, capacity 7672K, committed 7936K, reserved 1056768K
  class space    used 635K, capacity 688K, committed 768K, reserved 1048576K
}

