# JRE version: Java(TM) SE Runtime Environment (8.0_20-b26) (build 1.8.0_20-b26)
# Java VM: Java HotSpot(TM) 64-Bit Server VM (25.20-b23 mixed mode windows-amd64 compressed oops)
Heap:
 PSYoungGen      total 253952K, used 186664K [0x00000000eab00000, 0x0000000100000000, 0x0000000100000000)
  eden space 198656K, 70% used [0x00000000eab00000,0x00000000f33ff430,0x00000000f6d00000)
  from space 55296K, 83% used [0x00000000fca00000,0x00000000ff74ada8,0x0000000100000000)
  to   space 75264K, 0% used [0x00000000f6d00000,0x00000000f6d00000,0x00000000fb680000)
 ParOldGen       total 173056K, used 90835K [0x00000000c0000000, 0x00000000ca900000, 0x00000000eab00000)
  object space 173056K, 52% used [0x00000000c0000000,0x00000000c58b4fc0,0x00000000ca900000)
 Metaspace       used 6549K, capacity 7320K, committed 7680K, reserved 1056768K
  class space    used 616K, capacity 656K, committed 768K, reserved 1048576K
GC Heap History (10 events):
Event: 4.291 GC heap before
{Heap before GC invocations=7 (full 0):
 PSYoungGen      total 150528K, used 146781K [0x00000000eab00000, 0x00000000f5700000, 0x0000000100000000)
  eden space 131072K, 100% used [0x00000000eab00000,0x00000000f2b00000,0x00000000f2b00000)
  from space 19456K, 80% used [0x00000000f4000000,0x00000000f4f575f0,0x00000000f5300000)
  to   space 21504K, 0% used [0x00000000f2b00000,0x00000000f2b00000,0x00000000f4000000)
 ParOldGen       total 87552K, used 23593K [0x00000000c0000000, 0x00000000c5580000, 0x00000000eab00000)
  object space 87552K, 26% used [0x00000000c0000000,0x00000000c170a6a8,0x00000000c5580000)
 Metaspace       used 6482K, capacity 7256K, committed 7424K, reserved 1056768K
  class space    used 615K, capacity 656K, committed 768K, reserved 1048576K
Event: 4.344 GC heap after
Heap after GC invocations=7 (full 0):
 PSYoungGen      total 152576K, used 21485K [0x00000000eab00000, 0x00000000fe900000, 0x0000000100000000)
  eden space 131072K, 0% used [0x00000000eab00000,0x00000000eab00000,0x00000000f2b00000)
  from space 21504K, 99% used [0x00000000f2b00000,0x00000000f3ffb460,0x00000000f4000000)
  to   space 31744K, 0% used [0x00000000fca00000,0x00000000fca00000,0x00000000fe900000)
 ParOldGen       total 87552K, used 35671K [0x00000000c0000000, 0x00000000c5580000, 0x00000000eab00000)
  object space 87552K, 40% used [0x00000000c0000000,0x00000000c22d5f60,0x00000000c5580000)
 Metaspace       used 6482K, capacity 7256K, committed 7424K, reserved 1056768K
  class space    used 615K, capacity 656K, committed 768K, reserved 1048576K
}
Event: 5.016 GC heap before
{Heap before GC invocations=8 (full 0):
 PSYoungGen      total 152576K, used 152557K [0x00000000eab00000, 0x00000000fe900000, 0x0000000100000000)
  eden space 131072K, 100% used [0x00000000eab00000,0x00000000f2b00000,0x00000000f2b00000)
  from space 21504K, 99% used [0x00000000f2b00000,0x00000000f3ffb460,0x00000000f4000000)
  to   space 31744K, 0% used [0x00000000fca00000,0x00000000fca00000,0x00000000fe900000)
 ParOldGen       total 87552K, used 35671K [0x00000000c0000000, 0x00000000c5580000, 0x00000000eab00000)
  object space 87552K, 40% used [0x00000000c0000000,0x00000000c22d5f60,0x00000000c5580000)
 Metaspace       used 6495K, capacity 7256K, committed 7424K, reserved 1056768K
  class space    used 615K, capacity 656K, committed 768K, reserved 1048576K
Event: 5.099 GC heap after
Heap after GC invocations=8 (full 0):
 PSYoungGen      total 284672K, used 31716K [0x00000000eab00000, 0x00000000ffb00000, 0x0000000100000000)
  eden space 252928K, 0% used [0x00000000eab00000,0x00000000eab00000,0x00000000fa200000)
  from space 31744K, 99% used [0x00000000fca00000,0x00000000fe8f90e8,0x00000000fe900000)
  to   space 40960K, 0% used [0x00000000fa200000,0x00000000fa200000,0x00000000fca00000)
 ParOldGen       total 87552K, used 43238K [0x00000000c0000000, 0x00000000c5580000, 0x00000000eab00000)
  object space 87552K, 49% used [0x00000000c0000000,0x00000000c2a39930,0x00000000c5580000)
 Metaspace       used 6495K, capacity 7256K, committed 7424K, reserved 1056768K
  class space    used 615K, capacity 656K, committed 768K, reserved 1048576K
}
Event: 6.184 GC heap before
{Heap before GC invocations=9 (full 0):
 PSYoungGen      total 284672K, used 284644K [0x00000000eab00000, 0x00000000ffb00000, 0x0000000100000000)
  eden space 252928K, 100% used [0x00000000eab00000,0x00000000fa200000,0x00000000fa200000)
  from space 31744K, 99% used [0x00000000fca00000,0x00000000fe8f90e8,0x00000000fe900000)
  to   space 40960K, 0% used [0x00000000fa200000,0x00000000fa200000,0x00000000fca00000)
 ParOldGen       total 87552K, used 43238K [0x00000000c0000000, 0x00000000c5580000, 0x00000000eab00000)
  object space 87552K, 49% used [0x00000000c0000000,0x00000000c2a39930,0x00000000c5580000)
 Metaspace       used 6516K, capacity 7320K, committed 7680K, reserved 1056768K
  class space    used 616K, capacity 656K, committed 768K, reserved 1048576K
Event: 6.317 GC heap after
Heap after GC invocations=9 (full 0):
 PSYoungGen      total 293888K, used 40940K [0x00000000eab00000, 0x0000000100000000, 0x0000000100000000)
  eden space 252928K, 0% used [0x00000000eab00000,0x00000000eab00000,0x00000000fa200000)
  from space 40960K, 99% used [0x00000000fa200000,0x00000000fc9fb2e8,0x00000000fca00000)
  to   space 55296K, 0% used [0x00000000fca00000,0x00000000fca00000,0x0000000100000000)
 ParOldGen       total 87552K, used 66141K [0x00000000c0000000, 0x00000000c5580000, 0x00000000eab00000)
  object space 87552K, 75% used [0x00000000c0000000,0x00000000c4097760,0x00000000c5580000)
 Metaspace       used 6516K, capacity 7320K, committed 7680K, reserved 1056768K
  class space    used 616K, capacity 656K, committed 768K, reserved 1048576K
}
Event: 8.579 GC heap before
{Heap before GC invocations=10 (full 0):
 PSYoungGen      total 293888K, used 293868K [0x00000000eab00000, 0x0000000100000000, 0x0000000100000000)
  eden space 252928K, 100% used [0x00000000eab00000,0x00000000fa200000,0x00000000fa200000)
  from space 40960K, 99% used [0x00000000fa200000,0x00000000fc9fb2e8,0x00000000fca00000)
  to   space 55296K, 0% used [0x00000000fca00000,0x00000000fca00000,0x0000000100000000)
 ParOldGen       total 87552K, used 66141K [0x00000000c0000000, 0x00000000c5580000, 0x00000000eab00000)
  object space 87552K, 75% used [0x00000000c0000000,0x00000000c4097760,0x00000000c5580000)
 Metaspace       used 6533K, capacity 7320K, committed 7680K, reserved 1056768K
  class space    used 616K, capacity 656K, committed 768K, reserved 1048576K
Event: 8.713 GC heap after
Heap after GC invocations=10 (full 0):
 PSYoungGen      total 253952K, used 55290K [0x00000000eab00000, 0x0000000100000000, 0x0000000100000000)
  eden space 198656K, 0% used [0x00000000eab00000,0x00000000eab00000,0x00000000f6d00000)
  from space 55296K, 99% used [0x00000000fca00000,0x00000000ffffebc8,0x0000000100000000)
  to   space 75264K, 0% used [0x00000000f6d00000,0x00000000f6d00000,0x00000000fb680000)
 ParOldGen       total 91136K, used 90697K [0x00000000c0000000, 0x00000000c5900000, 0x00000000eab00000)
  object space 91136K, 99% used [0x00000000c0000000,0x00000000c5892428,0x00000000c5900000)
 Metaspace       used 6533K, capacity 7320K, committed 7680K, reserved 1056768K
  class space    used 616K, capacity 656K, committed 768K, reserved 1048576K
}
Event: 8.713 GC heap before
{Heap before GC invocations=11 (full 1):
 PSYoungGen      total 253952K, used 55290K [0x00000000eab00000, 0x0000000100000000, 0x0000000100000000)
  eden space 198656K, 0% used [0x00000000eab00000,0x00000000eab00000,0x00000000f6d00000)
  from space 55296K, 99% used [0x00000000fca00000,0x00000000ffffebc8,0x0000000100000000)
  to   space 75264K, 0% used [0x00000000f6d00000,0x00000000f6d00000,0x00000000fb680000)
 ParOldGen       total 91136K, used 90697K [0x00000000c0000000, 0x00000000c5900000, 0x00000000eab00000)
  object space 91136K, 99% used [0x00000000c0000000,0x00000000c5892428,0x00000000c5900000)
 Metaspace       used 6533K, capacity 7320K, committed 7680K, reserved 1056768K
  class space    used 616K, capacity 656K, committed 768K, reserved 1048576K
Event: 10.231 GC heap after
Heap after GC invocations=11 (full 1):
 PSYoungGen      total 253952K, used 46379K [0x00000000eab00000, 0x0000000100000000, 0x0000000100000000)
  eden space 198656K, 0% used [0x00000000eab00000,0x00000000eab00000,0x00000000f6d00000)
  from space 55296K, 83% used [0x00000000fca00000,0x00000000ff74ada8,0x0000000100000000)
  to   space 75264K, 0% used [0x00000000f6d00000,0x00000000f6d00000,0x00000000fb680000)
 ParOldGen       total 173056K, used 90835K [0x00000000c0000000, 0x00000000ca900000, 0x00000000eab00000)
  object space 173056K, 52% used [0x00000000c0000000,0x00000000c58b4fc0,0x00000000ca900000)
 Metaspace       used 6533K, capacity 7320K, committed 7680K, reserved 1056768K
  class space    used 616K, capacity 656K, committed 768K, reserved 1048576K
}

